2024-02-02 18:27:51,128 INFO    StreamThr :86427 [internal.py:wandb_internal():86] W&B internal server running at pid: 86427, started at: 2024-02-02 18:27:51.127385
2024-02-02 18:27:51,129 DEBUG   HandlerThread:86427 [handler.py:handle_request():146] handle_request: status
2024-02-02 18:27:51,133 INFO    WriterThread:86427 [datastore.py:open_for_write():87] open: /Users/den/Documents/CS/classwork/4900/pa1/wandb/run-20240202_182751-vhz3de8z/run-vhz3de8z.wandb
2024-02-02 18:27:51,134 DEBUG   SenderThread:86427 [sender.py:send():382] send: header
2024-02-02 18:27:51,134 DEBUG   SenderThread:86427 [sender.py:send():382] send: run
2024-02-02 18:27:51,473 INFO    SenderThread:86427 [dir_watcher.py:__init__():211] watching files in: /Users/den/Documents/CS/classwork/4900/pa1/wandb/run-20240202_182751-vhz3de8z/files
2024-02-02 18:27:51,473 INFO    SenderThread:86427 [sender.py:_start_run_threads():1136] run started: vhz3de8z with start time 1706916471.129764
2024-02-02 18:27:51,475 DEBUG   HandlerThread:86427 [handler.py:handle_request():146] handle_request: check_version
2024-02-02 18:27:51,475 DEBUG   SenderThread:86427 [sender.py:send_request():409] send_request: check_version
2024-02-02 18:27:51,577 DEBUG   HandlerThread:86427 [handler.py:handle_request():146] handle_request: run_start
2024-02-02 18:27:51,582 DEBUG   HandlerThread:86427 [system_info.py:__init__():27] System info init
2024-02-02 18:27:51,583 DEBUG   HandlerThread:86427 [system_info.py:__init__():42] System info init done
2024-02-02 18:27:51,583 INFO    HandlerThread:86427 [system_monitor.py:start():194] Starting system monitor
2024-02-02 18:27:51,583 INFO    SystemMonitor:86427 [system_monitor.py:_start():158] Starting system asset monitoring threads
2024-02-02 18:27:51,583 INFO    HandlerThread:86427 [system_monitor.py:probe():214] Collecting system info
2024-02-02 18:27:51,584 INFO    SystemMonitor:86427 [interfaces.py:start():190] Started cpu monitoring
2024-02-02 18:27:51,584 DEBUG   HandlerThread:86427 [system_info.py:probe():151] Probing system
2024-02-02 18:27:51,584 INFO    SystemMonitor:86427 [interfaces.py:start():190] Started disk monitoring
2024-02-02 18:27:51,586 INFO    SystemMonitor:86427 [interfaces.py:start():190] Started gpuapple monitoring
2024-02-02 18:27:51,588 INFO    SystemMonitor:86427 [interfaces.py:start():190] Started memory monitoring
2024-02-02 18:27:51,588 INFO    SystemMonitor:86427 [interfaces.py:start():190] Started network monitoring
2024-02-02 18:27:51,590 DEBUG   HandlerThread:86427 [gitlib.py:_init_repo():56] git repository is invalid
2024-02-02 18:27:51,591 DEBUG   HandlerThread:86427 [system_info.py:probe():199] Probing system done
2024-02-02 18:27:51,591 DEBUG   HandlerThread:86427 [system_monitor.py:probe():223] {'os': 'macOS-13.6.3-arm64-arm-64bit', 'python': '3.11.5', 'heartbeatAt': '2024-02-02T23:27:51.584779', 'startedAt': '2024-02-02T23:27:51.120122', 'docker': None, 'cuda': None, 'args': (), 'state': 'running', 'program': '/Users/den/Documents/CS/classwork/4900/pa1/snakelearn.py', 'codePathLocal': 'snakelearn.py', 'codePath': 'snakelearn.py', 'host': 'dens-MacBook-Pro.local', 'username': 'den', 'executable': '/Users/den/miniconda3/bin/python3', 'cpu_count': 8, 'cpu_count_logical': 8, 'cpu_freq': {'current': 3228, 'min': 600, 'max': 3228}, 'cpu_freq_per_core': [{'current': 3228, 'min': 600, 'max': 3228}], 'disk': {'/': {'total': 926.3517189025879, 'used': 14.646678924560547}}, 'gpuapple': {'type': 'arm', 'vendor': 'Apple'}, 'memory': {'total': 16.0}}
2024-02-02 18:27:51,591 INFO    HandlerThread:86427 [system_monitor.py:probe():224] Finished collecting system info
2024-02-02 18:27:51,591 INFO    HandlerThread:86427 [system_monitor.py:probe():227] Publishing system info
2024-02-02 18:27:51,591 DEBUG   HandlerThread:86427 [system_info.py:_save_conda():208] Saving list of conda packages installed into the current environment
2024-02-02 18:27:52,479 INFO    Thread-13 :86427 [dir_watcher.py:_on_file_created():271] file/dir created: /Users/den/Documents/CS/classwork/4900/pa1/wandb/run-20240202_182751-vhz3de8z/files/conda-environment.yaml
2024-02-02 18:27:53,002 DEBUG   HandlerThread:86427 [system_info.py:_save_conda():220] Saving conda packages done
2024-02-02 18:27:53,003 INFO    HandlerThread:86427 [system_monitor.py:probe():229] Finished publishing system info
2024-02-02 18:27:53,005 DEBUG   SenderThread:86427 [sender.py:send():382] send: files
2024-02-02 18:27:53,005 INFO    SenderThread:86427 [sender.py:_save_file():1403] saving file wandb-metadata.json with policy now
2024-02-02 18:27:53,008 DEBUG   HandlerThread:86427 [handler.py:handle_request():146] handle_request: python_packages
2024-02-02 18:27:53,008 DEBUG   SenderThread:86427 [sender.py:send_request():409] send_request: python_packages
2024-02-02 18:27:53,008 DEBUG   HandlerThread:86427 [handler.py:handle_request():146] handle_request: stop_status
2024-02-02 18:27:53,008 DEBUG   SenderThread:86427 [sender.py:send_request():409] send_request: stop_status
2024-02-02 18:27:53,008 DEBUG   HandlerThread:86427 [handler.py:handle_request():146] handle_request: internal_messages
2024-02-02 18:27:53,224 DEBUG   SenderThread:86427 [sender.py:send():382] send: telemetry
2024-02-02 18:27:53,340 INFO    wandb-upload_0:86427 [upload_job.py:push():131] Uploaded file /var/folders/4x/50qqmqs50wq67bybljms4m9h0000gn/T/tmp_qezvkhawandb/e9mi1ye6-wandb-metadata.json
2024-02-02 18:27:53,400 INFO    HandlerThread:86427 [handler.py:handle_tbrecord():767] handling tbrecord: tbrecord {
  log_dir: "logs/1706916470/PPO_0"
  save: true
}
control {
  relay_id: "69be67890c2e4be1942e20443921a34b"
}
_info {
  stream_id: "vhz3de8z"
}

2024-02-02 18:27:53,401 DEBUG   HandlerThread:86427 [config_util.py:dict_from_config_file():101] no default config file found in config-defaults.yaml
2024-02-02 18:27:53,425 DEBUG   SenderThread:86427 [sender.py:send():382] send: tbrecord
2024-02-02 18:27:53,426 DEBUG   SenderThread:86427 [sender.py:send():382] send: files
2024-02-02 18:27:53,426 INFO    SenderThread:86427 [sender.py:_save_file():1403] saving file events.out.tfevents.1706916473.dens-MacBook-Pro.local.86419.0 with policy live
2024-02-02 18:27:53,484 INFO    Thread-13 :86427 [dir_watcher.py:_on_file_modified():288] file/dir modified: /Users/den/Documents/CS/classwork/4900/pa1/wandb/run-20240202_182751-vhz3de8z/files/conda-environment.yaml
2024-02-02 18:27:53,484 INFO    Thread-13 :86427 [dir_watcher.py:_on_file_created():271] file/dir created: /Users/den/Documents/CS/classwork/4900/pa1/wandb/run-20240202_182751-vhz3de8z/files/output.log
2024-02-02 18:27:53,484 INFO    Thread-13 :86427 [dir_watcher.py:_on_file_created():271] file/dir created: /Users/den/Documents/CS/classwork/4900/pa1/wandb/run-20240202_182751-vhz3de8z/files/requirements.txt
2024-02-02 18:27:53,484 INFO    Thread-13 :86427 [dir_watcher.py:_on_file_created():271] file/dir created: /Users/den/Documents/CS/classwork/4900/pa1/wandb/run-20240202_182751-vhz3de8z/files/events.out.tfevents.1706916473.dens-MacBook-Pro.local.86419.0
2024-02-02 18:27:53,484 INFO    Thread-13 :86427 [dir_watcher.py:_on_file_created():271] file/dir created: /Users/den/Documents/CS/classwork/4900/pa1/wandb/run-20240202_182751-vhz3de8z/files/wandb-metadata.json
2024-02-02 18:27:53,866 INFO    wandb-upload_0:86427 [upload_job.py:push():131] Uploaded file /var/folders/4x/50qqmqs50wq67bybljms4m9h0000gn/T/tmp_qezvkhawandb/lb6gdkzc-events.out.tfevents.1706916473.dens-MacBook-Pro.local.86419.0
2024-02-02 18:27:55,494 INFO    Thread-13 :86427 [dir_watcher.py:_on_file_modified():288] file/dir modified: /Users/den/Documents/CS/classwork/4900/pa1/wandb/run-20240202_182751-vhz3de8z/files/output.log
2024-02-02 18:27:56,436 DEBUG   HandlerThread:86427 [handler.py:handle_request():146] handle_request: status_report
2024-02-02 18:28:01,457 DEBUG   HandlerThread:86427 [handler.py:handle_request():146] handle_request: status_report
2024-02-02 18:28:06,476 DEBUG   HandlerThread:86427 [handler.py:handle_request():146] handle_request: status_report
2024-02-02 18:28:08,012 DEBUG   HandlerThread:86427 [handler.py:handle_request():146] handle_request: stop_status
2024-02-02 18:28:08,013 DEBUG   HandlerThread:86427 [handler.py:handle_request():146] handle_request: internal_messages
2024-02-02 18:28:08,013 DEBUG   SenderThread:86427 [sender.py:send_request():409] send_request: stop_status
2024-02-02 18:28:12,160 DEBUG   HandlerThread:86427 [handler.py:handle_request():146] handle_request: status_report
2024-02-02 18:28:17,180 DEBUG   HandlerThread:86427 [handler.py:handle_request():146] handle_request: status_report
2024-02-02 18:28:22,197 DEBUG   HandlerThread:86427 [handler.py:handle_request():146] handle_request: status_report
2024-02-02 18:28:23,011 DEBUG   HandlerThread:86427 [handler.py:handle_request():146] handle_request: stop_status
2024-02-02 18:28:23,012 DEBUG   HandlerThread:86427 [handler.py:handle_request():146] handle_request: internal_messages
2024-02-02 18:28:23,015 DEBUG   SenderThread:86427 [sender.py:send_request():409] send_request: stop_status
2024-02-02 18:28:23,603 INFO    Thread-13 :86427 [dir_watcher.py:_on_file_modified():288] file/dir modified: /Users/den/Documents/CS/classwork/4900/pa1/wandb/run-20240202_182751-vhz3de8z/files/config.yaml
2024-02-02 18:28:28,180 DEBUG   HandlerThread:86427 [handler.py:handle_request():146] handle_request: status_report
2024-02-02 18:28:33,200 DEBUG   HandlerThread:86427 [handler.py:handle_request():146] handle_request: status_report
2024-02-02 18:29:55,922 DEBUG   HandlerThread:86427 [handler.py:handle_request():146] handle_request: stop_status
2024-02-02 18:29:55,923 DEBUG   SenderThread:86427 [sender.py:send_request():409] send_request: stop_status
2024-02-02 18:29:55,924 DEBUG   HandlerThread:86427 [handler.py:handle_request():146] handle_request: internal_messages
2024-02-02 18:30:00,966 DEBUG   HandlerThread:86427 [handler.py:handle_request():146] handle_request: status_report
2024-02-02 18:30:05,998 DEBUG   HandlerThread:86427 [handler.py:handle_request():146] handle_request: status_report
2024-02-02 18:30:09,486 DEBUG   SystemMonitor:86427 [system_monitor.py:_start():172] Starting system metrics aggregation loop
2024-02-02 18:30:09,488 DEBUG   SenderThread:86427 [sender.py:send():382] send: telemetry
2024-02-02 18:30:09,488 DEBUG   SenderThread:86427 [sender.py:send():382] send: stats
2024-02-02 18:30:10,925 DEBUG   HandlerThread:86427 [handler.py:handle_request():146] handle_request: stop_status
2024-02-02 18:30:10,926 DEBUG   SenderThread:86427 [sender.py:send_request():409] send_request: stop_status
2024-02-02 18:30:10,929 DEBUG   HandlerThread:86427 [handler.py:handle_request():146] handle_request: internal_messages
2024-02-02 18:30:11,113 DEBUG   HandlerThread:86427 [handler.py:handle_request():146] handle_request: status_report
2024-02-02 18:30:11,715 INFO    Thread-13 :86427 [dir_watcher.py:_on_file_modified():288] file/dir modified: /Users/den/Documents/CS/classwork/4900/pa1/wandb/run-20240202_182751-vhz3de8z/files/config.yaml
2024-02-02 18:30:16,245 DEBUG   HandlerThread:86427 [handler.py:handle_request():146] handle_request: status_report
2024-02-02 18:30:21,283 DEBUG   HandlerThread:86427 [handler.py:handle_request():146] handle_request: status_report
2024-02-02 18:30:25,932 DEBUG   HandlerThread:86427 [handler.py:handle_request():146] handle_request: stop_status
2024-02-02 18:30:25,933 DEBUG   SenderThread:86427 [sender.py:send_request():409] send_request: stop_status
2024-02-02 18:30:25,936 DEBUG   HandlerThread:86427 [handler.py:handle_request():146] handle_request: internal_messages
2024-02-02 18:30:27,008 DEBUG   HandlerThread:86427 [handler.py:handle_request():146] handle_request: status_report
2024-02-02 18:30:32,046 DEBUG   HandlerThread:86427 [handler.py:handle_request():146] handle_request: status_report
2024-02-02 18:30:37,064 DEBUG   HandlerThread:86427 [handler.py:handle_request():146] handle_request: status_report
2024-02-02 18:30:39,501 DEBUG   SenderThread:86427 [sender.py:send():382] send: stats
2024-02-02 18:30:40,932 DEBUG   HandlerThread:86427 [handler.py:handle_request():146] handle_request: stop_status
2024-02-02 18:30:40,932 DEBUG   SenderThread:86427 [sender.py:send_request():409] send_request: stop_status
2024-02-02 18:30:40,937 DEBUG   HandlerThread:86427 [handler.py:handle_request():146] handle_request: internal_messages
2024-02-02 18:30:52,916 DEBUG   HandlerThread:86427 [handler.py:handle_request():146] handle_request: status_report
2024-02-02 18:30:57,965 DEBUG   HandlerThread:86427 [handler.py:handle_request():146] handle_request: status_report
2024-02-02 18:31:03,000 DEBUG   HandlerThread:86427 [handler.py:handle_request():146] handle_request: status_report
2024-02-02 18:31:05,803 DEBUG   HandlerThread:86427 [handler.py:handle_request():146] handle_request: stop_status
2024-02-02 18:31:05,804 DEBUG   HandlerThread:86427 [handler.py:handle_request():146] handle_request: internal_messages
2024-02-02 18:31:05,804 DEBUG   SenderThread:86427 [sender.py:send_request():409] send_request: stop_status
2024-02-02 18:31:08,243 DEBUG   HandlerThread:86427 [handler.py:handle_request():146] handle_request: status_report
2024-02-02 18:31:13,270 DEBUG   HandlerThread:86427 [handler.py:handle_request():146] handle_request: status_report
2024-02-02 18:31:18,304 DEBUG   HandlerThread:86427 [handler.py:handle_request():146] handle_request: status_report
2024-02-02 18:31:19,374 DEBUG   SenderThread:86427 [sender.py:send():382] send: stats
2024-02-02 18:31:20,813 DEBUG   HandlerThread:86427 [handler.py:handle_request():146] handle_request: stop_status
2024-02-02 18:31:20,813 DEBUG   HandlerThread:86427 [handler.py:handle_request():146] handle_request: internal_messages
2024-02-02 18:31:20,814 DEBUG   SenderThread:86427 [sender.py:send_request():409] send_request: stop_status
2024-02-02 18:31:23,968 DEBUG   HandlerThread:86427 [handler.py:handle_request():146] handle_request: status_report
2024-02-02 18:31:29,008 DEBUG   HandlerThread:86427 [handler.py:handle_request():146] handle_request: status_report
2024-02-02 18:31:34,045 DEBUG   HandlerThread:86427 [handler.py:handle_request():146] handle_request: status_report
2024-02-02 18:31:35,820 DEBUG   HandlerThread:86427 [handler.py:handle_request():146] handle_request: internal_messages
2024-02-02 18:31:35,822 DEBUG   HandlerThread:86427 [handler.py:handle_request():146] handle_request: stop_status
2024-02-02 18:31:35,822 DEBUG   SenderThread:86427 [sender.py:send_request():409] send_request: stop_status
2024-02-02 18:31:59,095 DEBUG   HandlerThread:86427 [handler.py:handle_request():146] handle_request: keepalive
2024-02-02 18:32:04,127 DEBUG   HandlerThread:86427 [handler.py:handle_request():146] handle_request: keepalive
2024-02-02 18:32:09,079 DEBUG   HandlerThread:86427 [handler.py:handle_request():146] handle_request: internal_messages
2024-02-02 18:32:14,181 DEBUG   HandlerThread:86427 [handler.py:handle_request():146] handle_request: keepalive
2024-02-02 18:32:14,253 INFO    HandlerThread:86427 [handler.py:handle_tbrecord():767] handling tbrecord: tbrecord {
  log_dir: "logs/1706916470/PPO_0"
  save: true
}
control {
  relay_id: "69be67890c2e4be1942e20443921a34b"
}
_info {
  stream_id: "vhz3de8z"
}

2024-02-02 18:32:14,824 INFO    Thread-13 :86427 [dir_watcher.py:_on_file_modified():288] file/dir modified: /Users/den/Documents/CS/classwork/4900/pa1/wandb/run-20240202_182751-vhz3de8z/files/events.out.tfevents.1706916473.dens-MacBook-Pro.local.86419.0
2024-02-02 18:32:14,825 INFO    Thread-13 :86427 [dir_watcher.py:_on_file_created():271] file/dir created: /Users/den/Documents/CS/classwork/4900/pa1/wandb/run-20240202_182751-vhz3de8z/files/events.out.tfevents.1706916734.dens-MacBook-Pro.local.86419.1
2024-02-02 18:32:18,547 INFO    wandb-upload_1:86427 [retry.py:__call__():172] Retry attempt failed:
Traceback (most recent call last):
  File "/Users/den/miniconda3/lib/python3.11/site-packages/urllib3/connection.py", line 174, in _new_conn
    conn = connection.create_connection(
           ^^^^^^^^^^^^^^^^^^^^^^^^^^^^^
  File "/Users/den/miniconda3/lib/python3.11/site-packages/urllib3/util/connection.py", line 72, in create_connection
    for res in socket.getaddrinfo(host, port, family, socket.SOCK_STREAM):
               ^^^^^^^^^^^^^^^^^^^^^^^^^^^^^^^^^^^^^^^^^^^^^^^^^^^^^^^^^^
  File "/Users/den/miniconda3/lib/python3.11/socket.py", line 962, in getaddrinfo
    for res in _socket.getaddrinfo(host, port, family, type, proto, flags):
               ^^^^^^^^^^^^^^^^^^^^^^^^^^^^^^^^^^^^^^^^^^^^^^^^^^^^^^^^^^^
socket.gaierror: [Errno 8] nodename nor servname provided, or not known

During handling of the above exception, another exception occurred:

Traceback (most recent call last):
  File "/Users/den/miniconda3/lib/python3.11/site-packages/urllib3/connectionpool.py", line 715, in urlopen
    httplib_response = self._make_request(
                       ^^^^^^^^^^^^^^^^^^^
  File "/Users/den/miniconda3/lib/python3.11/site-packages/urllib3/connectionpool.py", line 404, in _make_request
    self._validate_conn(conn)
  File "/Users/den/miniconda3/lib/python3.11/site-packages/urllib3/connectionpool.py", line 1058, in _validate_conn
    conn.connect()
  File "/Users/den/miniconda3/lib/python3.11/site-packages/urllib3/connection.py", line 363, in connect
    self.sock = conn = self._new_conn()
                       ^^^^^^^^^^^^^^^^
  File "/Users/den/miniconda3/lib/python3.11/site-packages/urllib3/connection.py", line 186, in _new_conn
    raise NewConnectionError(
urllib3.exceptions.NewConnectionError: <urllib3.connection.HTTPSConnection object at 0x11766cf50>: Failed to establish a new connection: [Errno 8] nodename nor servname provided, or not known

During handling of the above exception, another exception occurred:

Traceback (most recent call last):
  File "/Users/den/miniconda3/lib/python3.11/site-packages/requests/adapters.py", line 486, in send
    resp = conn.urlopen(
           ^^^^^^^^^^^^^
  File "/Users/den/miniconda3/lib/python3.11/site-packages/urllib3/connectionpool.py", line 799, in urlopen
    retries = retries.increment(
              ^^^^^^^^^^^^^^^^^^
  File "/Users/den/miniconda3/lib/python3.11/site-packages/urllib3/util/retry.py", line 592, in increment
    raise MaxRetryError(_pool, url, error or ResponseError(cause))
urllib3.exceptions.MaxRetryError: HTTPSConnectionPool(host='api.wandb.ai', port=443): Max retries exceeded with url: /graphql (Caused by NewConnectionError('<urllib3.connection.HTTPSConnection object at 0x11766cf50>: Failed to establish a new connection: [Errno 8] nodename nor servname provided, or not known'))

During handling of the above exception, another exception occurred:

Traceback (most recent call last):
  File "/Users/den/miniconda3/lib/python3.11/site-packages/wandb/sdk/lib/retry.py", line 131, in __call__
    result = self._call_fn(*args, **kwargs)
             ^^^^^^^^^^^^^^^^^^^^^^^^^^^^^^
  File "/Users/den/miniconda3/lib/python3.11/site-packages/wandb/sdk/internal/internal_api.py", line 369, in execute
    return self.client.execute(*args, **kwargs)  # type: ignore
           ^^^^^^^^^^^^^^^^^^^^^^^^^^^^^^^^^^^^
  File "/Users/den/miniconda3/lib/python3.11/site-packages/wandb/vendor/gql-0.2.0/wandb_gql/client.py", line 52, in execute
    result = self._get_result(document, *args, **kwargs)
             ^^^^^^^^^^^^^^^^^^^^^^^^^^^^^^^^^^^^^^^^^^^
  File "/Users/den/miniconda3/lib/python3.11/site-packages/wandb/vendor/gql-0.2.0/wandb_gql/client.py", line 60, in _get_result
    return self.transport.execute(document, *args, **kwargs)
           ^^^^^^^^^^^^^^^^^^^^^^^^^^^^^^^^^^^^^^^^^^^^^^^^^
  File "/Users/den/miniconda3/lib/python3.11/site-packages/wandb/sdk/lib/gql_request.py", line 58, in execute
    request = self.session.post(self.url, **post_args)
              ^^^^^^^^^^^^^^^^^^^^^^^^^^^^^^^^^^^^^^^^
  File "/Users/den/miniconda3/lib/python3.11/site-packages/requests/sessions.py", line 637, in post
    return self.request("POST", url, data=data, json=json, **kwargs)
           ^^^^^^^^^^^^^^^^^^^^^^^^^^^^^^^^^^^^^^^^^^^^^^^^^^^^^^^^^
  File "/Users/den/miniconda3/lib/python3.11/site-packages/requests/sessions.py", line 589, in request
    resp = self.send(prep, **send_kwargs)
           ^^^^^^^^^^^^^^^^^^^^^^^^^^^^^^
  File "/Users/den/miniconda3/lib/python3.11/site-packages/requests/sessions.py", line 703, in send
    r = adapter.send(request, **kwargs)
        ^^^^^^^^^^^^^^^^^^^^^^^^^^^^^^^
  File "/Users/den/miniconda3/lib/python3.11/site-packages/requests/adapters.py", line 519, in send
    raise ConnectionError(e, request=request)
requests.exceptions.ConnectionError: HTTPSConnectionPool(host='api.wandb.ai', port=443): Max retries exceeded with url: /graphql (Caused by NewConnectionError('<urllib3.connection.HTTPSConnection object at 0x11766cf50>: Failed to establish a new connection: [Errno 8] nodename nor servname provided, or not known'))
2024-02-02 18:32:19,228 DEBUG   HandlerThread:86427 [handler.py:handle_request():146] handle_request: keepalive
2024-02-02 18:32:24,088 DEBUG   HandlerThread:86427 [handler.py:handle_request():146] handle_request: internal_messages
2024-02-02 18:32:29,309 DEBUG   HandlerThread:86427 [handler.py:handle_request():146] handle_request: keepalive
2024-02-02 18:32:34,341 DEBUG   HandlerThread:86427 [handler.py:handle_request():146] handle_request: keepalive
2024-02-02 18:32:38,970 ERROR   wandb-upload_0:86427 [internal_api.py:upload_file():2765] upload_file exception https://storage.googleapis.com/wandb-production.appspot.com/dgovorov7/GAME-AI-PA-1/vhz3de8z/events.out.tfevents.1706916473.dens-MacBook-Pro.local.86419.0?Expires=1707003158&GoogleAccessId=gorilla-files-url-signer-man%40wandb-production.iam.gserviceaccount.com&Signature=xQ5nASR9I5XDx5OlTDYIwm6ZfIaltB%2BLFWiBfDKmxD57w5V8b97gDRhiGO7WivBheZD%2BsX7FrxFkFpoHZirlQpQJnHKhQa8X7YX%2BPLzhWKcI9pQKxDMHJLHhj9KkFY3YQ3Y6cMGK2yc%2BrAkjxUB%2BAQv1A5AVl1q6JNc6L3qUWp4jWhUuV26Zd8%2FzWEzJ8L7l50cU%2FR0bfxj%2FPxwN7TxOmNJIP2r%2BJ9sWyFDcIN8GNGBhdJ7slmjn4m1501ZH%2Bs4Pm34LhkymZ13ksl54N9E75oFMhWtv6wCbXdZorODg1Atz0xYRaJI%2FVMOyxOVSnMZIZLduGjDO2GT%2FlBRP7YnoWQ%3D%3D: ('Connection aborted.', RemoteDisconnected('Remote end closed connection without response'))
2024-02-02 18:32:38,971 ERROR   wandb-upload_0:86427 [internal_api.py:upload_file():2767] upload_file request headers: {'User-Agent': 'python-requests/2.31.0', 'Accept-Encoding': 'gzip, deflate, br', 'Accept': '*/*', 'Connection': 'keep-alive', 'Content-Length': '251'}
2024-02-02 18:32:38,971 ERROR   wandb-upload_0:86427 [internal_api.py:upload_file():2769] upload_file response body: 
2024-02-02 18:32:39,091 DEBUG   HandlerThread:86427 [handler.py:handle_request():146] handle_request: internal_messages
2024-02-02 18:32:40,890 INFO    wandb-upload_0:86427 [upload_job.py:push():131] Uploaded file /var/folders/4x/50qqmqs50wq67bybljms4m9h0000gn/T/tmp_qezvkhawandb/2o1a5ico-events.out.tfevents.1706916473.dens-MacBook-Pro.local.86419.0
2024-02-02 18:32:44,412 DEBUG   HandlerThread:86427 [handler.py:handle_request():146] handle_request: keepalive
2024-02-02 18:33:24,279 DEBUG   HandlerThread:86427 [handler.py:handle_request():146] handle_request: keepalive
2024-02-02 18:33:26,459 INFO    wandb-upload_1:86427 [upload_job.py:push():131] Uploaded file /var/folders/4x/50qqmqs50wq67bybljms4m9h0000gn/T/tmp_qezvkhawandb/3r4xsf6o-events.out.tfevents.1706916734.dens-MacBook-Pro.local.86419.1
2024-02-02 18:33:28,171 DEBUG   SenderThread:86427 [sender.py:send():382] send: stats
2024-02-02 18:33:28,172 DEBUG   SenderThread:86427 [sender.py:send():382] send: tbrecord
2024-02-02 18:33:28,172 DEBUG   SenderThread:86427 [sender.py:send():382] send: files
2024-02-02 18:33:28,172 INFO    SenderThread:86427 [sender.py:_save_file():1403] saving file events.out.tfevents.1706916734.dens-MacBook-Pro.local.86419.1 with policy live
2024-02-02 18:33:28,173 DEBUG   SenderThread:86427 [sender.py:send():382] send: stats
2024-02-02 18:33:28,174 DEBUG   HandlerThread:86427 [handler.py:handle_request():146] handle_request: status_report
2024-02-02 18:33:28,939 DEBUG   HandlerThread:86427 [handler.py:handle_request():146] handle_request: internal_messages
2024-02-02 18:33:28,954 INFO    Thread-13 :86427 [dir_watcher.py:_on_file_modified():288] file/dir modified: /Users/den/Documents/CS/classwork/4900/pa1/wandb/run-20240202_182751-vhz3de8z/files/output.log
2024-02-02 18:33:33,215 DEBUG   HandlerThread:86427 [handler.py:handle_request():146] handle_request: status_report
2024-02-02 18:33:34,344 DEBUG   HandlerThread:86427 [handler.py:handle_request():146] handle_request: keepalive
2024-02-02 18:33:38,256 DEBUG   HandlerThread:86427 [handler.py:handle_request():146] handle_request: status_report
2024-02-02 18:33:39,374 DEBUG   HandlerThread:86427 [handler.py:handle_request():146] handle_request: keepalive
2024-02-02 18:33:42,484 DEBUG   SenderThread:86427 [sender.py:send():382] send: stats
2024-02-02 18:33:43,494 DEBUG   HandlerThread:86427 [handler.py:handle_request():146] handle_request: status_report
2024-02-02 18:33:43,948 DEBUG   HandlerThread:86427 [handler.py:handle_request():146] handle_request: internal_messages
2024-02-02 18:33:48,538 DEBUG   HandlerThread:86427 [handler.py:handle_request():146] handle_request: status_report
2024-02-02 18:33:49,444 DEBUG   HandlerThread:86427 [handler.py:handle_request():146] handle_request: keepalive
2024-02-02 18:33:53,572 DEBUG   HandlerThread:86427 [handler.py:handle_request():146] handle_request: status_report
2024-02-02 18:33:54,491 DEBUG   HandlerThread:86427 [handler.py:handle_request():146] handle_request: keepalive
2024-02-02 18:33:58,608 DEBUG   HandlerThread:86427 [handler.py:handle_request():146] handle_request: status_report
2024-02-02 18:33:58,957 DEBUG   HandlerThread:86427 [handler.py:handle_request():146] handle_request: internal_messages
2024-02-02 18:34:03,631 DEBUG   HandlerThread:86427 [handler.py:handle_request():146] handle_request: status_report
2024-02-02 18:34:04,587 DEBUG   HandlerThread:86427 [handler.py:handle_request():146] handle_request: keepalive
2024-02-02 18:34:28,127 DEBUG   HandlerThread:86427 [handler.py:handle_request():146] handle_request: keepalive
2024-02-02 18:34:30,991 DEBUG   SenderThread:86427 [sender.py:send():382] send: stats
2024-02-02 18:34:31,999 DEBUG   HandlerThread:86427 [handler.py:handle_request():146] handle_request: status_report
2024-02-02 18:34:32,464 DEBUG   HandlerThread:86427 [handler.py:handle_request():146] handle_request: internal_messages
2024-02-02 18:34:37,017 DEBUG   HandlerThread:86427 [handler.py:handle_request():146] handle_request: status_report
2024-02-02 18:34:38,165 DEBUG   HandlerThread:86427 [handler.py:handle_request():146] handle_request: keepalive
2024-02-02 18:34:42,038 DEBUG   HandlerThread:86427 [handler.py:handle_request():146] handle_request: status_report
2024-02-02 18:34:43,181 DEBUG   HandlerThread:86427 [handler.py:handle_request():146] handle_request: keepalive
2024-02-02 18:34:47,070 DEBUG   HandlerThread:86427 [handler.py:handle_request():146] handle_request: status_report
2024-02-02 18:34:47,471 DEBUG   HandlerThread:86427 [handler.py:handle_request():146] handle_request: internal_messages
2024-02-02 18:35:29,942 DEBUG   HandlerThread:86427 [handler.py:handle_request():146] handle_request: keepalive
2024-02-02 18:35:31,831 DEBUG   HandlerThread:86427 [handler.py:handle_request():146] handle_request: status_report
2024-02-02 18:35:34,986 DEBUG   HandlerThread:86427 [handler.py:handle_request():146] handle_request: keepalive
2024-02-02 18:35:36,877 DEBUG   HandlerThread:86427 [handler.py:handle_request():146] handle_request: status_report
2024-02-02 18:35:37,693 DEBUG   SenderThread:86427 [sender.py:send():382] send: stats
2024-02-02 18:35:39,173 DEBUG   HandlerThread:86427 [handler.py:handle_request():146] handle_request: internal_messages
2024-02-02 18:35:42,739 DEBUG   HandlerThread:86427 [handler.py:handle_request():146] handle_request: status_report
2024-02-02 18:35:45,052 DEBUG   HandlerThread:86427 [handler.py:handle_request():146] handle_request: keepalive
2024-02-02 18:35:47,774 DEBUG   HandlerThread:86427 [handler.py:handle_request():146] handle_request: status_report
2024-02-02 18:35:50,097 DEBUG   HandlerThread:86427 [handler.py:handle_request():146] handle_request: keepalive
2024-02-02 18:35:52,803 DEBUG   HandlerThread:86427 [handler.py:handle_request():146] handle_request: status_report
2024-02-02 18:35:54,182 DEBUG   HandlerThread:86427 [handler.py:handle_request():146] handle_request: internal_messages
2024-02-02 18:35:57,841 DEBUG   HandlerThread:86427 [handler.py:handle_request():146] handle_request: status_report
2024-02-02 18:36:00,155 DEBUG   HandlerThread:86427 [handler.py:handle_request():146] handle_request: keepalive
2024-02-02 18:36:02,874 DEBUG   HandlerThread:86427 [handler.py:handle_request():146] handle_request: status_report
2024-02-02 18:36:05,189 DEBUG   HandlerThread:86427 [handler.py:handle_request():146] handle_request: keepalive
2024-02-02 18:36:07,703 DEBUG   SenderThread:86427 [sender.py:send():382] send: stats
2024-02-02 18:36:08,707 DEBUG   HandlerThread:86427 [handler.py:handle_request():146] handle_request: status_report
2024-02-02 18:36:09,191 DEBUG   HandlerThread:86427 [handler.py:handle_request():146] handle_request: internal_messages
2024-02-02 18:45:20,285 DEBUG   HandlerThread:86427 [handler.py:handle_request():146] handle_request: status_report
2024-02-02 18:45:20,778 DEBUG   HandlerThread:86427 [handler.py:handle_request():146] handle_request: keepalive
2024-02-02 18:45:25,299 DEBUG   HandlerThread:86427 [handler.py:handle_request():146] handle_request: status_report
2024-02-02 18:45:25,799 DEBUG   HandlerThread:86427 [handler.py:handle_request():146] handle_request: keepalive
2024-02-02 18:45:26,498 INFO    HandlerThread:86427 [handler.py:handle_tbrecord():767] handling tbrecord: tbrecord {
  log_dir: "logs/1706916470/PPO_0"
  save: true
}
control {
  relay_id: "69be67890c2e4be1942e20443921a34b"
}
_info {
  stream_id: "vhz3de8z"
}

2024-02-02 18:45:26,498 DEBUG   SenderThread:86427 [sender.py:send():382] send: tbrecord
2024-02-02 18:45:26,565 INFO    Thread-13 :86427 [dir_watcher.py:_on_file_modified():288] file/dir modified: /Users/den/Documents/CS/classwork/4900/pa1/wandb/run-20240202_182751-vhz3de8z/files/events.out.tfevents.1706916734.dens-MacBook-Pro.local.86419.1
2024-02-02 18:45:26,584 DEBUG   SenderThread:86427 [sender.py:send():382] send: files
2024-02-02 18:45:26,584 INFO    SenderThread:86427 [sender.py:_save_file():1403] saving file events.out.tfevents.1706917526.dens-MacBook-Pro.local.86419.2 with policy live
2024-02-02 18:45:26,755 DEBUG   SenderThread:86427 [sender.py:send():382] send: history
2024-02-02 18:45:26,755 DEBUG   SenderThread:86427 [sender.py:send_request():409] send_request: summary_record
2024-02-02 18:45:26,755 INFO    SenderThread:86427 [sender.py:_save_file():1403] saving file wandb-summary.json with policy end
2024-02-02 18:45:27,569 INFO    Thread-13 :86427 [dir_watcher.py:_on_file_modified():288] file/dir modified: /Users/den/Documents/CS/classwork/4900/pa1/wandb/run-20240202_182751-vhz3de8z/files/output.log
2024-02-02 18:45:27,569 INFO    Thread-13 :86427 [dir_watcher.py:_on_file_created():271] file/dir created: /Users/den/Documents/CS/classwork/4900/pa1/wandb/run-20240202_182751-vhz3de8z/files/wandb-summary.json
2024-02-02 18:45:27,569 INFO    Thread-13 :86427 [dir_watcher.py:_on_file_created():271] file/dir created: /Users/den/Documents/CS/classwork/4900/pa1/wandb/run-20240202_182751-vhz3de8z/files/events.out.tfevents.1706917526.dens-MacBook-Pro.local.86419.2
2024-02-02 18:45:30,139 INFO    wandb-upload_1:86427 [retry.py:__call__():172] Retry attempt failed:
Traceback (most recent call last):
  File "/Users/den/miniconda3/lib/python3.11/site-packages/urllib3/connection.py", line 174, in _new_conn
    conn = connection.create_connection(
           ^^^^^^^^^^^^^^^^^^^^^^^^^^^^^
  File "/Users/den/miniconda3/lib/python3.11/site-packages/urllib3/util/connection.py", line 72, in create_connection
    for res in socket.getaddrinfo(host, port, family, socket.SOCK_STREAM):
               ^^^^^^^^^^^^^^^^^^^^^^^^^^^^^^^^^^^^^^^^^^^^^^^^^^^^^^^^^^
  File "/Users/den/miniconda3/lib/python3.11/socket.py", line 962, in getaddrinfo
    for res in _socket.getaddrinfo(host, port, family, type, proto, flags):
               ^^^^^^^^^^^^^^^^^^^^^^^^^^^^^^^^^^^^^^^^^^^^^^^^^^^^^^^^^^^
socket.gaierror: [Errno 8] nodename nor servname provided, or not known

During handling of the above exception, another exception occurred:

Traceback (most recent call last):
  File "/Users/den/miniconda3/lib/python3.11/site-packages/urllib3/connectionpool.py", line 715, in urlopen
    httplib_response = self._make_request(
                       ^^^^^^^^^^^^^^^^^^^
  File "/Users/den/miniconda3/lib/python3.11/site-packages/urllib3/connectionpool.py", line 404, in _make_request
    self._validate_conn(conn)
  File "/Users/den/miniconda3/lib/python3.11/site-packages/urllib3/connectionpool.py", line 1058, in _validate_conn
    conn.connect()
  File "/Users/den/miniconda3/lib/python3.11/site-packages/urllib3/connection.py", line 363, in connect
    self.sock = conn = self._new_conn()
                       ^^^^^^^^^^^^^^^^
  File "/Users/den/miniconda3/lib/python3.11/site-packages/urllib3/connection.py", line 186, in _new_conn
    raise NewConnectionError(
urllib3.exceptions.NewConnectionError: <urllib3.connection.HTTPSConnection object at 0x156c47750>: Failed to establish a new connection: [Errno 8] nodename nor servname provided, or not known

During handling of the above exception, another exception occurred:

Traceback (most recent call last):
  File "/Users/den/miniconda3/lib/python3.11/site-packages/requests/adapters.py", line 486, in send
    resp = conn.urlopen(
           ^^^^^^^^^^^^^
  File "/Users/den/miniconda3/lib/python3.11/site-packages/urllib3/connectionpool.py", line 799, in urlopen
    retries = retries.increment(
              ^^^^^^^^^^^^^^^^^^
  File "/Users/den/miniconda3/lib/python3.11/site-packages/urllib3/util/retry.py", line 592, in increment
    raise MaxRetryError(_pool, url, error or ResponseError(cause))
urllib3.exceptions.MaxRetryError: HTTPSConnectionPool(host='api.wandb.ai', port=443): Max retries exceeded with url: /graphql (Caused by NewConnectionError('<urllib3.connection.HTTPSConnection object at 0x156c47750>: Failed to establish a new connection: [Errno 8] nodename nor servname provided, or not known'))

During handling of the above exception, another exception occurred:

Traceback (most recent call last):
  File "/Users/den/miniconda3/lib/python3.11/site-packages/wandb/sdk/lib/retry.py", line 131, in __call__
    result = self._call_fn(*args, **kwargs)
             ^^^^^^^^^^^^^^^^^^^^^^^^^^^^^^
  File "/Users/den/miniconda3/lib/python3.11/site-packages/wandb/sdk/internal/internal_api.py", line 369, in execute
    return self.client.execute(*args, **kwargs)  # type: ignore
           ^^^^^^^^^^^^^^^^^^^^^^^^^^^^^^^^^^^^
  File "/Users/den/miniconda3/lib/python3.11/site-packages/wandb/vendor/gql-0.2.0/wandb_gql/client.py", line 52, in execute
    result = self._get_result(document, *args, **kwargs)
             ^^^^^^^^^^^^^^^^^^^^^^^^^^^^^^^^^^^^^^^^^^^
  File "/Users/den/miniconda3/lib/python3.11/site-packages/wandb/vendor/gql-0.2.0/wandb_gql/client.py", line 60, in _get_result
    return self.transport.execute(document, *args, **kwargs)
           ^^^^^^^^^^^^^^^^^^^^^^^^^^^^^^^^^^^^^^^^^^^^^^^^^
  File "/Users/den/miniconda3/lib/python3.11/site-packages/wandb/sdk/lib/gql_request.py", line 58, in execute
    request = self.session.post(self.url, **post_args)
              ^^^^^^^^^^^^^^^^^^^^^^^^^^^^^^^^^^^^^^^^
  File "/Users/den/miniconda3/lib/python3.11/site-packages/requests/sessions.py", line 637, in post
    return self.request("POST", url, data=data, json=json, **kwargs)
           ^^^^^^^^^^^^^^^^^^^^^^^^^^^^^^^^^^^^^^^^^^^^^^^^^^^^^^^^^
  File "/Users/den/miniconda3/lib/python3.11/site-packages/requests/sessions.py", line 589, in request
    resp = self.send(prep, **send_kwargs)
           ^^^^^^^^^^^^^^^^^^^^^^^^^^^^^^
  File "/Users/den/miniconda3/lib/python3.11/site-packages/requests/sessions.py", line 703, in send
    r = adapter.send(request, **kwargs)
        ^^^^^^^^^^^^^^^^^^^^^^^^^^^^^^^
  File "/Users/den/miniconda3/lib/python3.11/site-packages/requests/adapters.py", line 519, in send
    raise ConnectionError(e, request=request)
requests.exceptions.ConnectionError: HTTPSConnectionPool(host='api.wandb.ai', port=443): Max retries exceeded with url: /graphql (Caused by NewConnectionError('<urllib3.connection.HTTPSConnection object at 0x156c47750>: Failed to establish a new connection: [Errno 8] nodename nor servname provided, or not known'))
2024-02-02 18:45:30,734 DEBUG   HandlerThread:86427 [handler.py:handle_request():146] handle_request: internal_messages
2024-02-02 18:45:30,770 DEBUG   HandlerThread:86427 [handler.py:handle_request():146] handle_request: status_report
2024-02-02 18:45:35,793 DEBUG   HandlerThread:86427 [handler.py:handle_request():146] handle_request: status_report
2024-02-02 18:45:35,841 DEBUG   HandlerThread:86427 [handler.py:handle_request():146] handle_request: keepalive
2024-02-02 18:45:40,811 DEBUG   HandlerThread:86427 [handler.py:handle_request():146] handle_request: status_report
2024-02-02 18:45:40,856 DEBUG   HandlerThread:86427 [handler.py:handle_request():146] handle_request: keepalive
2024-02-02 18:45:44,250 DEBUG   SenderThread:86427 [sender.py:send():382] send: stats
2024-02-02 18:45:45,737 DEBUG   HandlerThread:86427 [handler.py:handle_request():146] handle_request: internal_messages
2024-02-02 18:45:46,260 DEBUG   HandlerThread:86427 [handler.py:handle_request():146] handle_request: status_report
2024-02-02 18:45:50,640 WARNING FileStreamThread:86427 [file_stream.py:request_with_retry():668] requests_with_retry encountered retryable exception: ('Connection aborted.', RemoteDisconnected('Remote end closed connection without response')). func: functools.partial(<bound method Session.post of <requests.sessions.Session object at 0x113644890>>, timeout=180), args: ('https://api.wandb.ai/files/dgovorov7/GAME-AI-PA-1/vhz3de8z/file_stream',), kwargs: {'json': {'files': {'wandb-events.jsonl': {'offset': 8, 'content': ['{"system.proc.memory.availableMB": 4672.68, "system.memory": 71.49, "system.proc.memory.rssMB": 319.64, "system.proc.memory.percent": 1.95, "system.cpu": 0.93, "system.cpu.0.cpu_percent": 77.29, "system.cpu.1.cpu_percent": 77.07, "system.cpu.2.cpu_percent": 38.46, "system.cpu.3.cpu_percent": 26.69, "system.cpu.4.cpu_percent": 16.07, "system.cpu.5.cpu_percent": 13.94, "system.cpu.6.cpu_percent": 8.61, "system.cpu.7.cpu_percent": 5.45, "system.proc.cpu.threads": 20, "system.network.sent": 1338436.27, "system.network.recv": 1774455.47, "system.disk.\\\\.usagePercent": 2.8, "system.disk.\\\\.usageGB": 14.65, "system.disk.in": 1110.62, "system.disk.out": 163.29, "_wandb": true, "_timestamp": 1706916967.701593, "_runtime": 496.571829}']}}, 'dropped': 0}}
2024-02-02 18:45:50,691 INFO    wandb-upload_0:86427 [upload_job.py:push():131] Uploaded file /var/folders/4x/50qqmqs50wq67bybljms4m9h0000gn/T/tmp_qezvkhawandb/82t69a20-events.out.tfevents.1706916734.dens-MacBook-Pro.local.86419.1
2024-02-02 18:45:50,898 DEBUG   HandlerThread:86427 [handler.py:handle_request():146] handle_request: keepalive
2024-02-02 18:45:51,284 DEBUG   HandlerThread:86427 [handler.py:handle_request():146] handle_request: status_report
2024-02-02 18:45:55,923 DEBUG   HandlerThread:86427 [handler.py:handle_request():146] handle_request: keepalive
2024-02-02 18:45:56,309 DEBUG   HandlerThread:86427 [handler.py:handle_request():146] handle_request: status_report
2024-02-02 18:46:00,740 DEBUG   HandlerThread:86427 [handler.py:handle_request():146] handle_request: internal_messages
2024-02-02 18:46:01,327 DEBUG   HandlerThread:86427 [handler.py:handle_request():146] handle_request: status_report
2024-02-02 18:46:05,963 DEBUG   HandlerThread:86427 [handler.py:handle_request():146] handle_request: keepalive
2024-02-02 18:46:06,352 DEBUG   HandlerThread:86427 [handler.py:handle_request():146] handle_request: status_report
2024-02-02 18:46:10,987 DEBUG   HandlerThread:86427 [handler.py:handle_request():146] handle_request: keepalive
2024-02-02 18:46:11,374 DEBUG   HandlerThread:86427 [handler.py:handle_request():146] handle_request: status_report
2024-02-02 18:46:14,256 DEBUG   SenderThread:86427 [sender.py:send():382] send: stats
2024-02-02 18:46:15,746 DEBUG   HandlerThread:86427 [handler.py:handle_request():146] handle_request: internal_messages
2024-02-02 18:46:17,272 DEBUG   HandlerThread:86427 [handler.py:handle_request():146] handle_request: status_report
2024-02-02 18:46:21,025 DEBUG   HandlerThread:86427 [handler.py:handle_request():146] handle_request: keepalive
2024-02-02 18:46:22,293 DEBUG   HandlerThread:86427 [handler.py:handle_request():146] handle_request: status_report
2024-02-02 18:46:26,042 DEBUG   HandlerThread:86427 [handler.py:handle_request():146] handle_request: keepalive
2024-02-02 18:46:27,308 DEBUG   HandlerThread:86427 [handler.py:handle_request():146] handle_request: status_report
2024-02-02 18:46:30,750 DEBUG   HandlerThread:86427 [handler.py:handle_request():146] handle_request: internal_messages
2024-02-02 18:46:32,327 DEBUG   HandlerThread:86427 [handler.py:handle_request():146] handle_request: status_report
2024-02-02 18:46:36,066 DEBUG   HandlerThread:86427 [handler.py:handle_request():146] handle_request: keepalive
2024-02-02 18:46:37,341 DEBUG   HandlerThread:86427 [handler.py:handle_request():146] handle_request: status_report
2024-02-02 18:46:41,089 DEBUG   HandlerThread:86427 [handler.py:handle_request():146] handle_request: keepalive
2024-02-02 18:46:42,360 DEBUG   HandlerThread:86427 [handler.py:handle_request():146] handle_request: status_report
2024-02-02 18:46:44,267 DEBUG   SenderThread:86427 [sender.py:send():382] send: stats
2024-02-02 18:46:45,754 DEBUG   HandlerThread:86427 [handler.py:handle_request():146] handle_request: internal_messages
2024-02-02 18:46:48,285 DEBUG   HandlerThread:86427 [handler.py:handle_request():146] handle_request: status_report
2024-02-02 18:46:51,136 DEBUG   HandlerThread:86427 [handler.py:handle_request():146] handle_request: keepalive
2024-02-02 18:46:53,305 DEBUG   HandlerThread:86427 [handler.py:handle_request():146] handle_request: status_report
2024-02-02 18:46:56,155 DEBUG   HandlerThread:86427 [handler.py:handle_request():146] handle_request: keepalive
2024-02-02 18:46:58,328 DEBUG   HandlerThread:86427 [handler.py:handle_request():146] handle_request: status_report
2024-02-02 18:47:00,759 DEBUG   HandlerThread:86427 [handler.py:handle_request():146] handle_request: internal_messages
2024-02-02 18:47:03,345 DEBUG   HandlerThread:86427 [handler.py:handle_request():146] handle_request: status_report
2024-02-02 18:47:06,193 DEBUG   HandlerThread:86427 [handler.py:handle_request():146] handle_request: keepalive
2024-02-02 18:47:08,365 DEBUG   HandlerThread:86427 [handler.py:handle_request():146] handle_request: status_report
2024-02-02 18:47:11,209 DEBUG   HandlerThread:86427 [handler.py:handle_request():146] handle_request: keepalive
2024-02-02 18:47:13,387 DEBUG   HandlerThread:86427 [handler.py:handle_request():146] handle_request: status_report
2024-02-02 18:47:14,265 DEBUG   SenderThread:86427 [sender.py:send():382] send: stats
2024-02-02 18:47:15,762 DEBUG   HandlerThread:86427 [handler.py:handle_request():146] handle_request: internal_messages
2024-02-02 18:47:19,288 DEBUG   HandlerThread:86427 [handler.py:handle_request():146] handle_request: status_report
2024-02-02 18:47:21,251 DEBUG   HandlerThread:86427 [handler.py:handle_request():146] handle_request: keepalive
2024-02-02 18:47:24,310 DEBUG   HandlerThread:86427 [handler.py:handle_request():146] handle_request: status_report
2024-02-02 18:47:26,271 DEBUG   HandlerThread:86427 [handler.py:handle_request():146] handle_request: keepalive
2024-02-02 18:47:29,328 DEBUG   HandlerThread:86427 [handler.py:handle_request():146] handle_request: status_report
2024-02-02 18:47:30,763 DEBUG   HandlerThread:86427 [handler.py:handle_request():146] handle_request: internal_messages
2024-02-02 18:47:34,342 DEBUG   HandlerThread:86427 [handler.py:handle_request():146] handle_request: status_report
2024-02-02 18:47:36,309 DEBUG   HandlerThread:86427 [handler.py:handle_request():146] handle_request: keepalive
2024-02-02 18:47:39,366 DEBUG   HandlerThread:86427 [handler.py:handle_request():146] handle_request: status_report
2024-02-02 18:47:41,328 DEBUG   HandlerThread:86427 [handler.py:handle_request():146] handle_request: keepalive
2024-02-02 18:47:44,270 DEBUG   SenderThread:86427 [sender.py:send():382] send: stats
2024-02-02 18:47:45,276 DEBUG   HandlerThread:86427 [handler.py:handle_request():146] handle_request: status_report
2024-02-02 18:47:45,763 DEBUG   HandlerThread:86427 [handler.py:handle_request():146] handle_request: internal_messages
2024-02-02 18:47:50,299 DEBUG   HandlerThread:86427 [handler.py:handle_request():146] handle_request: status_report
2024-02-02 18:47:51,369 DEBUG   HandlerThread:86427 [handler.py:handle_request():146] handle_request: keepalive
2024-02-02 18:47:52,219 INFO    HandlerThread:86427 [handler.py:handle_tbrecord():767] handling tbrecord: tbrecord {
  log_dir: "logs/1706916470/PPO_0"
  save: true
}
control {
  relay_id: "69be67890c2e4be1942e20443921a34b"
}
_info {
  stream_id: "vhz3de8z"
}

2024-02-02 18:47:52,220 DEBUG   SenderThread:86427 [sender.py:send():382] send: tbrecord
2024-02-02 18:47:52,440 INFO    Thread-13 :86427 [dir_watcher.py:_on_file_modified():288] file/dir modified: /Users/den/Documents/CS/classwork/4900/pa1/wandb/run-20240202_182751-vhz3de8z/files/events.out.tfevents.1706917526.dens-MacBook-Pro.local.86419.2
2024-02-02 18:47:52,449 DEBUG   SenderThread:86427 [sender.py:send():382] send: history
2024-02-02 18:47:52,449 DEBUG   SenderThread:86427 [sender.py:send_request():409] send_request: summary_record
2024-02-02 18:47:52,450 INFO    SenderThread:86427 [sender.py:_save_file():1403] saving file wandb-summary.json with policy end
2024-02-02 18:47:52,451 DEBUG   SenderThread:86427 [sender.py:send():382] send: files
2024-02-02 18:47:52,451 INFO    SenderThread:86427 [sender.py:_save_file():1403] saving file events.out.tfevents.1706917672.dens-MacBook-Pro.local.86419.3 with policy live
2024-02-02 18:47:52,882 INFO    wandb-upload_0:86427 [upload_job.py:push():131] Uploaded file /var/folders/4x/50qqmqs50wq67bybljms4m9h0000gn/T/tmp_qezvkhawandb/lx18r1b0-events.out.tfevents.1706917672.dens-MacBook-Pro.local.86419.3
2024-02-02 18:47:53,447 INFO    Thread-13 :86427 [dir_watcher.py:_on_file_modified():288] file/dir modified: /Users/den/Documents/CS/classwork/4900/pa1/wandb/run-20240202_182751-vhz3de8z/files/output.log
2024-02-02 18:47:53,448 INFO    Thread-13 :86427 [dir_watcher.py:_on_file_modified():288] file/dir modified: /Users/den/Documents/CS/classwork/4900/pa1/wandb/run-20240202_182751-vhz3de8z/files/wandb-summary.json
2024-02-02 18:47:53,448 INFO    Thread-13 :86427 [dir_watcher.py:_on_file_created():271] file/dir created: /Users/den/Documents/CS/classwork/4900/pa1/wandb/run-20240202_182751-vhz3de8z/files/events.out.tfevents.1706917672.dens-MacBook-Pro.local.86419.3
2024-02-02 18:47:55,466 DEBUG   HandlerThread:86427 [handler.py:handle_request():146] handle_request: status_report
2024-02-02 18:47:56,400 DEBUG   HandlerThread:86427 [handler.py:handle_request():146] handle_request: keepalive
2024-02-02 18:48:00,478 DEBUG   HandlerThread:86427 [handler.py:handle_request():146] handle_request: status_report
2024-02-02 18:48:00,769 DEBUG   HandlerThread:86427 [handler.py:handle_request():146] handle_request: internal_messages
2024-02-02 18:48:05,498 DEBUG   HandlerThread:86427 [handler.py:handle_request():146] handle_request: status_report
2024-02-02 18:48:06,439 DEBUG   HandlerThread:86427 [handler.py:handle_request():146] handle_request: keepalive
2024-02-02 18:48:10,524 DEBUG   HandlerThread:86427 [handler.py:handle_request():146] handle_request: status_report
2024-02-02 18:48:11,461 DEBUG   HandlerThread:86427 [handler.py:handle_request():146] handle_request: keepalive
2024-02-02 18:48:14,278 DEBUG   SenderThread:86427 [sender.py:send():382] send: stats
2024-02-02 18:48:15,774 DEBUG   HandlerThread:86427 [handler.py:handle_request():146] handle_request: internal_messages
2024-02-02 18:48:16,288 DEBUG   HandlerThread:86427 [handler.py:handle_request():146] handle_request: status_report
2024-02-02 18:48:21,314 DEBUG   HandlerThread:86427 [handler.py:handle_request():146] handle_request: status_report
2024-02-02 18:48:21,504 DEBUG   HandlerThread:86427 [handler.py:handle_request():146] handle_request: keepalive
2024-02-02 18:48:26,334 DEBUG   HandlerThread:86427 [handler.py:handle_request():146] handle_request: status_report
2024-02-02 18:48:26,521 DEBUG   HandlerThread:86427 [handler.py:handle_request():146] handle_request: keepalive
2024-02-02 18:48:30,779 DEBUG   HandlerThread:86427 [handler.py:handle_request():146] handle_request: internal_messages
2024-02-02 18:48:31,355 DEBUG   HandlerThread:86427 [handler.py:handle_request():146] handle_request: status_report
2024-02-02 18:48:36,372 DEBUG   HandlerThread:86427 [handler.py:handle_request():146] handle_request: status_report
2024-02-02 18:48:36,553 DEBUG   HandlerThread:86427 [handler.py:handle_request():146] handle_request: keepalive
2024-02-02 18:48:41,394 DEBUG   HandlerThread:86427 [handler.py:handle_request():146] handle_request: status_report
2024-02-02 18:48:41,568 DEBUG   HandlerThread:86427 [handler.py:handle_request():146] handle_request: keepalive
2024-02-02 18:48:44,282 DEBUG   SenderThread:86427 [sender.py:send():382] send: stats
2024-02-02 18:48:45,780 DEBUG   HandlerThread:86427 [handler.py:handle_request():146] handle_request: internal_messages
2024-02-02 18:48:47,295 DEBUG   HandlerThread:86427 [handler.py:handle_request():146] handle_request: status_report
2024-02-02 18:48:51,607 DEBUG   HandlerThread:86427 [handler.py:handle_request():146] handle_request: keepalive
2024-02-02 18:48:52,318 DEBUG   HandlerThread:86427 [handler.py:handle_request():146] handle_request: status_report
2024-02-02 18:48:56,631 DEBUG   HandlerThread:86427 [handler.py:handle_request():146] handle_request: keepalive
2024-02-02 18:48:57,343 DEBUG   HandlerThread:86427 [handler.py:handle_request():146] handle_request: status_report
2024-02-02 18:49:00,784 DEBUG   HandlerThread:86427 [handler.py:handle_request():146] handle_request: internal_messages
2024-02-02 18:49:02,364 DEBUG   HandlerThread:86427 [handler.py:handle_request():146] handle_request: status_report
2024-02-02 18:49:06,673 DEBUG   HandlerThread:86427 [handler.py:handle_request():146] handle_request: keepalive
2024-02-02 18:49:07,381 DEBUG   HandlerThread:86427 [handler.py:handle_request():146] handle_request: status_report
2024-02-02 18:49:11,692 DEBUG   HandlerThread:86427 [handler.py:handle_request():146] handle_request: keepalive
2024-02-02 18:49:12,400 DEBUG   HandlerThread:86427 [handler.py:handle_request():146] handle_request: status_report
2024-02-02 18:49:14,289 DEBUG   SenderThread:86427 [sender.py:send():382] send: stats
2024-02-02 18:49:15,786 DEBUG   HandlerThread:86427 [handler.py:handle_request():146] handle_request: internal_messages
2024-02-02 18:49:18,308 DEBUG   HandlerThread:86427 [handler.py:handle_request():146] handle_request: status_report
2024-02-02 18:49:21,730 DEBUG   HandlerThread:86427 [handler.py:handle_request():146] handle_request: keepalive
2024-02-02 18:49:23,322 DEBUG   HandlerThread:86427 [handler.py:handle_request():146] handle_request: status_report
2024-02-02 18:49:26,750 DEBUG   HandlerThread:86427 [handler.py:handle_request():146] handle_request: keepalive
2024-02-02 18:49:28,344 DEBUG   HandlerThread:86427 [handler.py:handle_request():146] handle_request: status_report
2024-02-02 18:49:30,788 DEBUG   HandlerThread:86427 [handler.py:handle_request():146] handle_request: internal_messages
2024-02-02 18:49:33,362 DEBUG   HandlerThread:86427 [handler.py:handle_request():146] handle_request: status_report
2024-02-02 18:49:36,783 DEBUG   HandlerThread:86427 [handler.py:handle_request():146] handle_request: keepalive
2024-02-02 18:49:38,389 DEBUG   HandlerThread:86427 [handler.py:handle_request():146] handle_request: status_report
2024-02-02 18:49:41,801 DEBUG   HandlerThread:86427 [handler.py:handle_request():146] handle_request: keepalive
2024-02-02 18:49:43,414 DEBUG   HandlerThread:86427 [handler.py:handle_request():146] handle_request: status_report
2024-02-02 18:49:44,289 DEBUG   SenderThread:86427 [sender.py:send():382] send: stats
2024-02-02 18:49:45,792 DEBUG   HandlerThread:86427 [handler.py:handle_request():146] handle_request: internal_messages
2024-02-02 18:49:49,303 DEBUG   HandlerThread:86427 [handler.py:handle_request():146] handle_request: status_report
2024-02-02 18:49:50,832 DEBUG   HandlerThread:86427 [handler.py:handle_request():146] handle_request: keepalive
2024-02-02 18:49:54,330 DEBUG   HandlerThread:86427 [handler.py:handle_request():146] handle_request: status_report
2024-02-02 18:49:55,855 DEBUG   HandlerThread:86427 [handler.py:handle_request():146] handle_request: keepalive
2024-02-02 18:49:59,347 DEBUG   HandlerThread:86427 [handler.py:handle_request():146] handle_request: status_report
2024-02-02 18:50:00,794 DEBUG   HandlerThread:86427 [handler.py:handle_request():146] handle_request: internal_messages
2024-02-02 18:50:04,366 DEBUG   HandlerThread:86427 [handler.py:handle_request():146] handle_request: status_report
2024-02-02 18:50:05,899 DEBUG   HandlerThread:86427 [handler.py:handle_request():146] handle_request: keepalive
2024-02-02 18:50:09,389 DEBUG   HandlerThread:86427 [handler.py:handle_request():146] handle_request: status_report
2024-02-02 18:50:10,920 DEBUG   HandlerThread:86427 [handler.py:handle_request():146] handle_request: keepalive
2024-02-02 18:50:14,297 DEBUG   SenderThread:86427 [sender.py:send():382] send: stats
2024-02-02 18:50:15,303 DEBUG   HandlerThread:86427 [handler.py:handle_request():146] handle_request: status_report
2024-02-02 18:50:15,798 DEBUG   HandlerThread:86427 [handler.py:handle_request():146] handle_request: internal_messages
2024-02-02 18:50:20,598 DEBUG   HandlerThread:86427 [handler.py:handle_request():146] handle_request: status_report
2024-02-02 18:50:20,599 INFO    HandlerThread:86427 [handler.py:handle_tbrecord():767] handling tbrecord: tbrecord {
  log_dir: "logs/1706916470/PPO_0"
  save: true
}
control {
  relay_id: "69be67890c2e4be1942e20443921a34b"
}
_info {
  stream_id: "vhz3de8z"
}

2024-02-02 18:50:20,599 DEBUG   SenderThread:86427 [sender.py:send():382] send: tbrecord
2024-02-02 18:50:20,962 DEBUG   HandlerThread:86427 [handler.py:handle_request():146] handle_request: keepalive
2024-02-02 18:50:21,151 INFO    Thread-13 :86427 [dir_watcher.py:_on_file_modified():288] file/dir modified: /Users/den/Documents/CS/classwork/4900/pa1/wandb/run-20240202_182751-vhz3de8z/files/events.out.tfevents.1706917672.dens-MacBook-Pro.local.86419.3
2024-02-02 18:50:21,226 DEBUG   SenderThread:86427 [sender.py:send():382] send: history
2024-02-02 18:50:21,227 DEBUG   SenderThread:86427 [sender.py:send_request():409] send_request: summary_record
2024-02-02 18:50:21,227 INFO    SenderThread:86427 [sender.py:_save_file():1403] saving file wandb-summary.json with policy end
2024-02-02 18:50:21,229 DEBUG   SenderThread:86427 [sender.py:send():382] send: files
2024-02-02 18:50:21,229 INFO    SenderThread:86427 [sender.py:_save_file():1403] saving file events.out.tfevents.1706917820.dens-MacBook-Pro.local.86419.4 with policy live
2024-02-02 18:50:21,527 INFO    wandb-upload_0:86427 [upload_job.py:push():131] Uploaded file /var/folders/4x/50qqmqs50wq67bybljms4m9h0000gn/T/tmp_qezvkhawandb/g9rx185i-events.out.tfevents.1706917672.dens-MacBook-Pro.local.86419.3
2024-02-02 18:50:21,712 INFO    wandb-upload_2:86427 [upload_job.py:push():131] Uploaded file /var/folders/4x/50qqmqs50wq67bybljms4m9h0000gn/T/tmp_qezvkhawandb/j99nedbu-events.out.tfevents.1706917820.dens-MacBook-Pro.local.86419.4
2024-02-02 18:50:22,155 INFO    Thread-13 :86427 [dir_watcher.py:_on_file_modified():288] file/dir modified: /Users/den/Documents/CS/classwork/4900/pa1/wandb/run-20240202_182751-vhz3de8z/files/output.log
2024-02-02 18:50:22,156 INFO    Thread-13 :86427 [dir_watcher.py:_on_file_modified():288] file/dir modified: /Users/den/Documents/CS/classwork/4900/pa1/wandb/run-20240202_182751-vhz3de8z/files/wandb-summary.json
2024-02-02 18:50:22,157 INFO    Thread-13 :86427 [dir_watcher.py:_on_file_created():271] file/dir created: /Users/den/Documents/CS/classwork/4900/pa1/wandb/run-20240202_182751-vhz3de8z/files/events.out.tfevents.1706917820.dens-MacBook-Pro.local.86419.4
2024-02-02 18:50:25,982 DEBUG   HandlerThread:86427 [handler.py:handle_request():146] handle_request: keepalive
2024-02-02 18:50:26,246 DEBUG   HandlerThread:86427 [handler.py:handle_request():146] handle_request: status_report
2024-02-02 18:50:30,804 DEBUG   HandlerThread:86427 [handler.py:handle_request():146] handle_request: internal_messages
2024-02-02 18:50:31,265 DEBUG   HandlerThread:86427 [handler.py:handle_request():146] handle_request: status_report
2024-02-02 18:50:36,012 DEBUG   HandlerThread:86427 [handler.py:handle_request():146] handle_request: keepalive
2024-02-02 18:50:36,287 DEBUG   HandlerThread:86427 [handler.py:handle_request():146] handle_request: status_report
2024-02-02 18:50:41,038 DEBUG   HandlerThread:86427 [handler.py:handle_request():146] handle_request: keepalive
2024-02-02 18:50:41,306 DEBUG   HandlerThread:86427 [handler.py:handle_request():146] handle_request: status_report
2024-02-02 18:50:44,300 DEBUG   SenderThread:86427 [sender.py:send():382] send: stats
2024-02-02 18:50:45,809 DEBUG   HandlerThread:86427 [handler.py:handle_request():146] handle_request: internal_messages
2024-02-02 18:50:46,310 DEBUG   HandlerThread:86427 [handler.py:handle_request():146] handle_request: status_report
2024-02-02 18:50:51,080 DEBUG   HandlerThread:86427 [handler.py:handle_request():146] handle_request: keepalive
2024-02-02 18:50:51,330 DEBUG   HandlerThread:86427 [handler.py:handle_request():146] handle_request: status_report
2024-02-02 18:50:56,101 DEBUG   HandlerThread:86427 [handler.py:handle_request():146] handle_request: keepalive
2024-02-02 18:50:56,349 DEBUG   HandlerThread:86427 [handler.py:handle_request():146] handle_request: status_report
2024-02-02 18:51:00,813 DEBUG   HandlerThread:86427 [handler.py:handle_request():146] handle_request: internal_messages
2024-02-02 18:51:01,368 DEBUG   HandlerThread:86427 [handler.py:handle_request():146] handle_request: status_report
2024-02-02 18:51:05,971 ERROR   wandb-upload_1:86427 [internal_api.py:upload_file():2765] upload_file exception https://storage.googleapis.com/wandb-production.appspot.com/dgovorov7/GAME-AI-PA-1/vhz3de8z/events.out.tfevents.1706917526.dens-MacBook-Pro.local.86419.2?Expires=1707003934&GoogleAccessId=gorilla-files-url-signer-man%40wandb-production.iam.gserviceaccount.com&Signature=hL8dipaj0QyxVm8YYACBOkonjig8icvKewJU0KfKl165rjLXXNiycfGU4ZeVH6bQwcW%2Fo9zkchk3Q8gdTjnnq%2FJVSBhrI7%2FoZHHL7vppYT08aqw2I796WNmx39SfJFaKjR9AG8kzcLD7fW8bccqoVkbrwGyuRZrVwjJ2ZNk8wuCdCwgy0r4uUR6t1nst3eVWsXtY%2F4BduN0dWPL9MO%2BhuHYO2y7iCDZiqN39ld4gi6BsCSOl1%2BdeAqIo4%2BCn57VoxvGAGEkh5F7phHLXHCE%2B8R9jgT3P%2BwncHP3HXm1tyTLGXlhvYSn4oxcQ%2FCWiwKNe38l1CQJeB2IQGaYO2WyWfg%3D%3D: ('Connection aborted.', RemoteDisconnected('Remote end closed connection without response'))
2024-02-02 18:51:05,971 ERROR   wandb-upload_1:86427 [internal_api.py:upload_file():2767] upload_file request headers: {'User-Agent': 'python-requests/2.31.0', 'Accept-Encoding': 'gzip, deflate, br', 'Accept': '*/*', 'Connection': 'keep-alive', 'Content-Length': '88'}
2024-02-02 18:51:05,971 ERROR   wandb-upload_1:86427 [internal_api.py:upload_file():2769] upload_file response body: 
2024-02-02 18:51:06,137 DEBUG   HandlerThread:86427 [handler.py:handle_request():146] handle_request: keepalive
2024-02-02 18:51:06,384 DEBUG   HandlerThread:86427 [handler.py:handle_request():146] handle_request: status_report
2024-02-02 18:51:07,429 INFO    wandb-upload_1:86427 [upload_job.py:push():131] Uploaded file /var/folders/4x/50qqmqs50wq67bybljms4m9h0000gn/T/tmp_qezvkhawandb/09a4o0fv-events.out.tfevents.1706917526.dens-MacBook-Pro.local.86419.2
2024-02-02 18:51:07,852 INFO    wandb-upload_0:86427 [upload_job.py:push():131] Uploaded file /var/folders/4x/50qqmqs50wq67bybljms4m9h0000gn/T/tmp_qezvkhawandb/0lbjbgnw-events.out.tfevents.1706917526.dens-MacBook-Pro.local.86419.2
2024-02-02 18:51:11,158 DEBUG   HandlerThread:86427 [handler.py:handle_request():146] handle_request: keepalive
2024-02-02 18:51:11,408 DEBUG   HandlerThread:86427 [handler.py:handle_request():146] handle_request: status_report
2024-02-02 18:51:14,307 DEBUG   SenderThread:86427 [sender.py:send():382] send: stats
2024-02-02 18:51:15,818 DEBUG   HandlerThread:86427 [handler.py:handle_request():146] handle_request: internal_messages
2024-02-02 18:51:17,318 DEBUG   HandlerThread:86427 [handler.py:handle_request():146] handle_request: status_report
2024-02-02 18:51:21,199 DEBUG   HandlerThread:86427 [handler.py:handle_request():146] handle_request: keepalive
2024-02-02 18:51:22,336 DEBUG   HandlerThread:86427 [handler.py:handle_request():146] handle_request: status_report
2024-02-02 18:51:26,222 DEBUG   HandlerThread:86427 [handler.py:handle_request():146] handle_request: keepalive
2024-02-02 18:51:27,358 DEBUG   HandlerThread:86427 [handler.py:handle_request():146] handle_request: status_report
2024-02-02 18:51:30,823 DEBUG   HandlerThread:86427 [handler.py:handle_request():146] handle_request: internal_messages
2024-02-02 18:51:32,374 DEBUG   HandlerThread:86427 [handler.py:handle_request():146] handle_request: status_report
2024-02-02 18:51:36,265 DEBUG   HandlerThread:86427 [handler.py:handle_request():146] handle_request: keepalive
2024-02-02 18:51:37,395 DEBUG   HandlerThread:86427 [handler.py:handle_request():146] handle_request: status_report
2024-02-02 18:51:41,284 DEBUG   HandlerThread:86427 [handler.py:handle_request():146] handle_request: keepalive
2024-02-02 18:51:42,415 DEBUG   HandlerThread:86427 [handler.py:handle_request():146] handle_request: status_report
2024-02-02 18:51:44,311 DEBUG   SenderThread:86427 [sender.py:send():382] send: stats
2024-02-02 18:51:45,829 DEBUG   HandlerThread:86427 [handler.py:handle_request():146] handle_request: internal_messages
2024-02-02 18:51:48,319 DEBUG   HandlerThread:86427 [handler.py:handle_request():146] handle_request: status_report
2024-02-02 18:51:51,324 DEBUG   HandlerThread:86427 [handler.py:handle_request():146] handle_request: keepalive
2024-02-02 18:51:53,341 DEBUG   HandlerThread:86427 [handler.py:handle_request():146] handle_request: status_report
2024-02-02 18:51:56,340 DEBUG   HandlerThread:86427 [handler.py:handle_request():146] handle_request: keepalive
2024-02-02 18:51:58,362 DEBUG   HandlerThread:86427 [handler.py:handle_request():146] handle_request: status_report
2024-02-02 18:52:00,833 DEBUG   HandlerThread:86427 [handler.py:handle_request():146] handle_request: internal_messages
2024-02-02 18:52:03,385 DEBUG   HandlerThread:86427 [handler.py:handle_request():146] handle_request: status_report
2024-02-02 18:52:06,383 DEBUG   HandlerThread:86427 [handler.py:handle_request():146] handle_request: keepalive
2024-02-02 18:52:08,403 DEBUG   HandlerThread:86427 [handler.py:handle_request():146] handle_request: status_report
2024-02-02 18:52:11,406 DEBUG   HandlerThread:86427 [handler.py:handle_request():146] handle_request: keepalive
2024-02-02 18:52:13,424 DEBUG   HandlerThread:86427 [handler.py:handle_request():146] handle_request: status_report
2024-02-02 18:52:14,318 DEBUG   SenderThread:86427 [sender.py:send():382] send: stats
2024-02-02 18:52:15,838 DEBUG   HandlerThread:86427 [handler.py:handle_request():146] handle_request: internal_messages
2024-02-02 18:52:19,337 DEBUG   HandlerThread:86427 [handler.py:handle_request():146] handle_request: status_report
2024-02-02 18:52:21,448 DEBUG   HandlerThread:86427 [handler.py:handle_request():146] handle_request: keepalive
2024-02-02 18:52:24,357 DEBUG   HandlerThread:86427 [handler.py:handle_request():146] handle_request: status_report
2024-02-02 18:52:26,470 DEBUG   HandlerThread:86427 [handler.py:handle_request():146] handle_request: keepalive
2024-02-02 18:52:29,381 DEBUG   HandlerThread:86427 [handler.py:handle_request():146] handle_request: status_report
2024-02-02 18:52:30,843 DEBUG   HandlerThread:86427 [handler.py:handle_request():146] handle_request: internal_messages
2024-02-02 18:52:34,398 DEBUG   HandlerThread:86427 [handler.py:handle_request():146] handle_request: status_report
2024-02-02 18:52:36,514 DEBUG   HandlerThread:86427 [handler.py:handle_request():146] handle_request: keepalive
2024-02-02 18:52:39,417 DEBUG   HandlerThread:86427 [handler.py:handle_request():146] handle_request: status_report
2024-02-02 18:52:41,533 DEBUG   HandlerThread:86427 [handler.py:handle_request():146] handle_request: keepalive
2024-02-02 18:52:44,320 DEBUG   SenderThread:86427 [sender.py:send():382] send: stats
2024-02-02 18:52:45,326 DEBUG   HandlerThread:86427 [handler.py:handle_request():146] handle_request: status_report
2024-02-02 18:52:45,848 DEBUG   HandlerThread:86427 [handler.py:handle_request():146] handle_request: internal_messages
2024-02-02 18:52:46,331 INFO    HandlerThread:86427 [handler.py:handle_tbrecord():767] handling tbrecord: tbrecord {
  log_dir: "logs/1706916470/PPO_0"
  save: true
}
control {
  relay_id: "69be67890c2e4be1942e20443921a34b"
}
_info {
  stream_id: "vhz3de8z"
}

2024-02-02 18:52:46,331 DEBUG   SenderThread:86427 [sender.py:send():382] send: tbrecord
2024-02-02 18:52:46,861 INFO    Thread-13 :86427 [dir_watcher.py:_on_file_modified():288] file/dir modified: /Users/den/Documents/CS/classwork/4900/pa1/wandb/run-20240202_182751-vhz3de8z/files/events.out.tfevents.1706917820.dens-MacBook-Pro.local.86419.4
2024-02-02 18:52:46,966 DEBUG   SenderThread:86427 [sender.py:send():382] send: history
2024-02-02 18:52:46,967 DEBUG   SenderThread:86427 [sender.py:send_request():409] send_request: summary_record
2024-02-02 18:52:46,967 INFO    SenderThread:86427 [sender.py:_save_file():1403] saving file wandb-summary.json with policy end
2024-02-02 18:52:46,968 DEBUG   SenderThread:86427 [sender.py:send():382] send: files
2024-02-02 18:52:46,968 INFO    SenderThread:86427 [sender.py:_save_file():1403] saving file events.out.tfevents.1706917966.dens-MacBook-Pro.local.86419.5 with policy live
2024-02-02 18:52:47,168 INFO    wandb-upload_1:86427 [upload_job.py:push():131] Uploaded file /var/folders/4x/50qqmqs50wq67bybljms4m9h0000gn/T/tmp_qezvkhawandb/276qrjs0-events.out.tfevents.1706917820.dens-MacBook-Pro.local.86419.4
2024-02-02 18:52:47,395 INFO    wandb-upload_0:86427 [upload_job.py:push():131] Uploaded file /var/folders/4x/50qqmqs50wq67bybljms4m9h0000gn/T/tmp_qezvkhawandb/ilhdoksh-events.out.tfevents.1706917966.dens-MacBook-Pro.local.86419.5
2024-02-02 18:52:47,867 INFO    Thread-13 :86427 [dir_watcher.py:_on_file_modified():288] file/dir modified: /Users/den/Documents/CS/classwork/4900/pa1/wandb/run-20240202_182751-vhz3de8z/files/wandb-summary.json
2024-02-02 18:52:47,868 INFO    Thread-13 :86427 [dir_watcher.py:_on_file_created():271] file/dir created: /Users/den/Documents/CS/classwork/4900/pa1/wandb/run-20240202_182751-vhz3de8z/files/events.out.tfevents.1706917966.dens-MacBook-Pro.local.86419.5
2024-02-02 18:52:48,869 INFO    Thread-13 :86427 [dir_watcher.py:_on_file_modified():288] file/dir modified: /Users/den/Documents/CS/classwork/4900/pa1/wandb/run-20240202_182751-vhz3de8z/files/output.log
2024-02-02 18:52:50,980 DEBUG   HandlerThread:86427 [handler.py:handle_request():146] handle_request: status_report
2024-02-02 18:52:51,571 DEBUG   HandlerThread:86427 [handler.py:handle_request():146] handle_request: keepalive
2024-02-02 18:52:56,006 DEBUG   HandlerThread:86427 [handler.py:handle_request():146] handle_request: status_report
2024-02-02 18:52:56,587 DEBUG   HandlerThread:86427 [handler.py:handle_request():146] handle_request: keepalive
2024-02-02 18:53:00,853 DEBUG   HandlerThread:86427 [handler.py:handle_request():146] handle_request: internal_messages
2024-02-02 18:53:01,024 DEBUG   HandlerThread:86427 [handler.py:handle_request():146] handle_request: status_report
2024-02-02 18:53:06,037 DEBUG   HandlerThread:86427 [handler.py:handle_request():146] handle_request: status_report
2024-02-02 18:53:06,616 DEBUG   HandlerThread:86427 [handler.py:handle_request():146] handle_request: keepalive
2024-02-02 18:53:11,059 DEBUG   HandlerThread:86427 [handler.py:handle_request():146] handle_request: status_report
2024-02-02 18:53:11,635 DEBUG   HandlerThread:86427 [handler.py:handle_request():146] handle_request: keepalive
2024-02-02 18:53:14,327 DEBUG   SenderThread:86427 [sender.py:send():382] send: stats
2024-02-02 18:53:15,854 DEBUG   HandlerThread:86427 [handler.py:handle_request():146] handle_request: internal_messages
2024-02-02 18:53:16,337 DEBUG   HandlerThread:86427 [handler.py:handle_request():146] handle_request: status_report
2024-02-02 18:53:21,356 DEBUG   HandlerThread:86427 [handler.py:handle_request():146] handle_request: status_report
2024-02-02 18:53:21,679 DEBUG   HandlerThread:86427 [handler.py:handle_request():146] handle_request: keepalive
2024-02-02 18:53:26,377 DEBUG   HandlerThread:86427 [handler.py:handle_request():146] handle_request: status_report
2024-02-02 18:53:26,695 DEBUG   HandlerThread:86427 [handler.py:handle_request():146] handle_request: keepalive
2024-02-02 18:53:30,857 DEBUG   HandlerThread:86427 [handler.py:handle_request():146] handle_request: internal_messages
2024-02-02 18:53:31,392 DEBUG   HandlerThread:86427 [handler.py:handle_request():146] handle_request: status_report
2024-02-02 18:53:36,412 DEBUG   HandlerThread:86427 [handler.py:handle_request():146] handle_request: status_report
2024-02-02 18:53:36,733 DEBUG   HandlerThread:86427 [handler.py:handle_request():146] handle_request: keepalive
2024-02-02 18:53:41,423 DEBUG   HandlerThread:86427 [handler.py:handle_request():146] handle_request: status_report
2024-02-02 18:53:41,749 DEBUG   HandlerThread:86427 [handler.py:handle_request():146] handle_request: keepalive
2024-02-02 18:53:44,332 DEBUG   SenderThread:86427 [sender.py:send():382] send: stats
2024-02-02 18:53:45,863 DEBUG   HandlerThread:86427 [handler.py:handle_request():146] handle_request: internal_messages
2024-02-02 18:53:47,345 DEBUG   HandlerThread:86427 [handler.py:handle_request():146] handle_request: status_report
2024-02-02 18:53:51,792 DEBUG   HandlerThread:86427 [handler.py:handle_request():146] handle_request: keepalive
2024-02-02 18:53:52,365 DEBUG   HandlerThread:86427 [handler.py:handle_request():146] handle_request: status_report
2024-02-02 18:53:56,814 DEBUG   HandlerThread:86427 [handler.py:handle_request():146] handle_request: keepalive
2024-02-02 18:53:57,385 DEBUG   HandlerThread:86427 [handler.py:handle_request():146] handle_request: status_report
2024-02-02 18:54:00,867 DEBUG   HandlerThread:86427 [handler.py:handle_request():146] handle_request: internal_messages
2024-02-02 18:54:02,408 DEBUG   HandlerThread:86427 [handler.py:handle_request():146] handle_request: status_report
2024-02-02 18:54:06,857 DEBUG   HandlerThread:86427 [handler.py:handle_request():146] handle_request: keepalive
2024-02-02 18:54:07,425 DEBUG   HandlerThread:86427 [handler.py:handle_request():146] handle_request: status_report
2024-02-02 18:54:11,877 DEBUG   HandlerThread:86427 [handler.py:handle_request():146] handle_request: keepalive
2024-02-02 18:54:12,442 DEBUG   HandlerThread:86427 [handler.py:handle_request():146] handle_request: status_report
2024-02-02 18:54:14,339 DEBUG   SenderThread:86427 [sender.py:send():382] send: stats
2024-02-02 18:54:15,870 DEBUG   HandlerThread:86427 [handler.py:handle_request():146] handle_request: internal_messages
2024-02-02 18:54:18,356 DEBUG   HandlerThread:86427 [handler.py:handle_request():146] handle_request: status_report
2024-02-02 18:54:20,911 DEBUG   HandlerThread:86427 [handler.py:handle_request():146] handle_request: keepalive
2024-02-02 18:54:23,378 DEBUG   HandlerThread:86427 [handler.py:handle_request():146] handle_request: status_report
2024-02-02 18:54:25,930 DEBUG   HandlerThread:86427 [handler.py:handle_request():146] handle_request: keepalive
2024-02-02 18:54:28,397 DEBUG   HandlerThread:86427 [handler.py:handle_request():146] handle_request: status_report
2024-02-02 18:54:30,876 DEBUG   HandlerThread:86427 [handler.py:handle_request():146] handle_request: internal_messages
2024-02-02 18:54:33,423 DEBUG   HandlerThread:86427 [handler.py:handle_request():146] handle_request: status_report
2024-02-02 18:54:35,961 DEBUG   HandlerThread:86427 [handler.py:handle_request():146] handle_request: keepalive
2024-02-02 18:54:38,441 DEBUG   HandlerThread:86427 [handler.py:handle_request():146] handle_request: status_report
2024-02-02 18:54:40,973 DEBUG   HandlerThread:86427 [handler.py:handle_request():146] handle_request: keepalive
2024-02-02 18:54:43,464 DEBUG   HandlerThread:86427 [handler.py:handle_request():146] handle_request: status_report
2024-02-02 18:54:44,342 DEBUG   SenderThread:86427 [sender.py:send():382] send: stats
2024-02-02 18:54:45,881 DEBUG   HandlerThread:86427 [handler.py:handle_request():146] handle_request: internal_messages
2024-02-02 18:54:49,357 DEBUG   HandlerThread:86427 [handler.py:handle_request():146] handle_request: status_report
2024-02-02 18:54:51,013 DEBUG   HandlerThread:86427 [handler.py:handle_request():146] handle_request: keepalive
2024-02-02 18:54:54,378 DEBUG   HandlerThread:86427 [handler.py:handle_request():146] handle_request: status_report
2024-02-02 18:54:56,030 DEBUG   HandlerThread:86427 [handler.py:handle_request():146] handle_request: keepalive
2024-02-02 18:54:59,401 DEBUG   HandlerThread:86427 [handler.py:handle_request():146] handle_request: status_report
2024-02-02 18:55:00,884 DEBUG   HandlerThread:86427 [handler.py:handle_request():146] handle_request: internal_messages
2024-02-02 18:55:04,419 DEBUG   HandlerThread:86427 [handler.py:handle_request():146] handle_request: status_report
2024-02-02 18:55:06,069 DEBUG   HandlerThread:86427 [handler.py:handle_request():146] handle_request: keepalive
2024-02-02 18:55:09,438 DEBUG   HandlerThread:86427 [handler.py:handle_request():146] handle_request: status_report
2024-02-02 18:55:11,090 DEBUG   HandlerThread:86427 [handler.py:handle_request():146] handle_request: keepalive
2024-02-02 18:55:11,537 INFO    Thread-13 :86427 [dir_watcher.py:_on_file_modified():288] file/dir modified: /Users/den/Documents/CS/classwork/4900/pa1/wandb/run-20240202_182751-vhz3de8z/files/events.out.tfevents.1706917966.dens-MacBook-Pro.local.86419.5
2024-02-02 18:55:11,723 DEBUG   SenderThread:86427 [sender.py:send():382] send: history
2024-02-02 18:55:11,723 DEBUG   SenderThread:86427 [sender.py:send_request():409] send_request: summary_record
2024-02-02 18:55:11,723 INFO    SenderThread:86427 [sender.py:_save_file():1403] saving file wandb-summary.json with policy end
2024-02-02 18:55:11,829 INFO    HandlerThread:86427 [handler.py:handle_tbrecord():767] handling tbrecord: tbrecord {
  log_dir: "logs/1706916470/PPO_0"
  save: true
}
control {
  relay_id: "69be67890c2e4be1942e20443921a34b"
}
_info {
  stream_id: "vhz3de8z"
}

2024-02-02 18:55:11,829 DEBUG   SenderThread:86427 [sender.py:send():382] send: tbrecord
2024-02-02 18:55:12,386 INFO    wandb-upload_2:86427 [upload_job.py:push():131] Uploaded file /var/folders/4x/50qqmqs50wq67bybljms4m9h0000gn/T/tmp_qezvkhawandb/iwbn5bai-events.out.tfevents.1706917966.dens-MacBook-Pro.local.86419.5
2024-02-02 18:55:12,541 INFO    Thread-13 :86427 [dir_watcher.py:_on_file_modified():288] file/dir modified: /Users/den/Documents/CS/classwork/4900/pa1/wandb/run-20240202_182751-vhz3de8z/files/output.log
2024-02-02 18:55:12,541 INFO    Thread-13 :86427 [dir_watcher.py:_on_file_modified():288] file/dir modified: /Users/den/Documents/CS/classwork/4900/pa1/wandb/run-20240202_182751-vhz3de8z/files/wandb-summary.json
2024-02-02 18:55:12,730 DEBUG   SenderThread:86427 [sender.py:send():382] send: files
2024-02-02 18:55:12,731 INFO    SenderThread:86427 [sender.py:_save_file():1403] saving file events.out.tfevents.1706918111.dens-MacBook-Pro.local.86419.6 with policy live
2024-02-02 18:55:12,985 INFO    wandb-upload_0:86427 [upload_job.py:push():131] Uploaded file /var/folders/4x/50qqmqs50wq67bybljms4m9h0000gn/T/tmp_qezvkhawandb/rf58y6da-events.out.tfevents.1706918111.dens-MacBook-Pro.local.86419.6
2024-02-02 18:55:13,545 INFO    Thread-13 :86427 [dir_watcher.py:_on_file_created():271] file/dir created: /Users/den/Documents/CS/classwork/4900/pa1/wandb/run-20240202_182751-vhz3de8z/files/events.out.tfevents.1706918111.dens-MacBook-Pro.local.86419.6
2024-02-02 18:55:14,347 DEBUG   SenderThread:86427 [sender.py:send():382] send: stats
2024-02-02 18:55:15,350 DEBUG   HandlerThread:86427 [handler.py:handle_request():146] handle_request: status_report
2024-02-02 18:55:15,889 DEBUG   HandlerThread:86427 [handler.py:handle_request():146] handle_request: internal_messages
2024-02-02 18:55:20,371 DEBUG   HandlerThread:86427 [handler.py:handle_request():146] handle_request: status_report
2024-02-02 18:55:21,129 DEBUG   HandlerThread:86427 [handler.py:handle_request():146] handle_request: keepalive
2024-02-02 18:55:25,394 DEBUG   HandlerThread:86427 [handler.py:handle_request():146] handle_request: status_report
2024-02-02 18:55:26,149 DEBUG   HandlerThread:86427 [handler.py:handle_request():146] handle_request: keepalive
2024-02-02 18:55:30,419 DEBUG   HandlerThread:86427 [handler.py:handle_request():146] handle_request: status_report
2024-02-02 18:55:30,891 DEBUG   HandlerThread:86427 [handler.py:handle_request():146] handle_request: internal_messages
2024-02-02 18:55:35,445 DEBUG   HandlerThread:86427 [handler.py:handle_request():146] handle_request: status_report
2024-02-02 18:55:36,201 DEBUG   HandlerThread:86427 [handler.py:handle_request():146] handle_request: keepalive
2024-02-02 18:55:40,466 DEBUG   HandlerThread:86427 [handler.py:handle_request():146] handle_request: status_report
2024-02-02 18:55:41,216 DEBUG   HandlerThread:86427 [handler.py:handle_request():146] handle_request: keepalive
2024-02-02 18:55:44,355 DEBUG   SenderThread:86427 [sender.py:send():382] send: stats
2024-02-02 18:55:45,896 DEBUG   HandlerThread:86427 [handler.py:handle_request():146] handle_request: internal_messages
2024-02-02 18:55:46,361 DEBUG   HandlerThread:86427 [handler.py:handle_request():146] handle_request: status_report
2024-02-02 18:55:51,262 DEBUG   HandlerThread:86427 [handler.py:handle_request():146] handle_request: keepalive
2024-02-02 18:55:51,383 DEBUG   HandlerThread:86427 [handler.py:handle_request():146] handle_request: status_report
2024-02-02 18:55:56,297 DEBUG   HandlerThread:86427 [handler.py:handle_request():146] handle_request: keepalive
2024-02-02 18:55:56,402 DEBUG   HandlerThread:86427 [handler.py:handle_request():146] handle_request: status_report
2024-02-02 18:56:00,902 DEBUG   HandlerThread:86427 [handler.py:handle_request():146] handle_request: internal_messages
2024-02-02 18:56:01,425 DEBUG   HandlerThread:86427 [handler.py:handle_request():146] handle_request: status_report
2024-02-02 18:56:06,338 DEBUG   HandlerThread:86427 [handler.py:handle_request():146] handle_request: keepalive
2024-02-02 18:56:06,447 DEBUG   HandlerThread:86427 [handler.py:handle_request():146] handle_request: status_report
2024-02-02 18:56:11,355 DEBUG   HandlerThread:86427 [handler.py:handle_request():146] handle_request: keepalive
2024-02-02 18:56:11,463 DEBUG   HandlerThread:86427 [handler.py:handle_request():146] handle_request: status_report
2024-02-02 18:56:14,363 DEBUG   SenderThread:86427 [sender.py:send():382] send: stats
2024-02-02 18:56:15,906 DEBUG   HandlerThread:86427 [handler.py:handle_request():146] handle_request: internal_messages
2024-02-02 18:56:17,378 DEBUG   HandlerThread:86427 [handler.py:handle_request():146] handle_request: status_report
2024-02-02 18:56:21,382 DEBUG   HandlerThread:86427 [handler.py:handle_request():146] handle_request: keepalive
2024-02-02 18:56:22,392 DEBUG   HandlerThread:86427 [handler.py:handle_request():146] handle_request: status_report
2024-02-02 18:56:26,402 DEBUG   HandlerThread:86427 [handler.py:handle_request():146] handle_request: keepalive
2024-02-02 18:56:27,406 DEBUG   HandlerThread:86427 [handler.py:handle_request():146] handle_request: status_report
2024-02-02 18:56:30,907 DEBUG   HandlerThread:86427 [handler.py:handle_request():146] handle_request: internal_messages
2024-02-02 18:56:32,423 DEBUG   HandlerThread:86427 [handler.py:handle_request():146] handle_request: status_report
2024-02-02 18:56:36,430 DEBUG   HandlerThread:86427 [handler.py:handle_request():146] handle_request: keepalive
2024-02-02 18:56:37,441 DEBUG   HandlerThread:86427 [handler.py:handle_request():146] handle_request: status_report
2024-02-02 18:56:41,450 DEBUG   HandlerThread:86427 [handler.py:handle_request():146] handle_request: keepalive
2024-02-02 18:56:42,460 DEBUG   HandlerThread:86427 [handler.py:handle_request():146] handle_request: status_report
2024-02-02 18:56:44,388 DEBUG   SenderThread:86427 [sender.py:send():382] send: stats
2024-02-02 18:56:45,909 DEBUG   HandlerThread:86427 [handler.py:handle_request():146] handle_request: internal_messages
2024-02-02 18:56:48,400 DEBUG   HandlerThread:86427 [handler.py:handle_request():146] handle_request: status_report
2024-02-02 18:56:51,481 DEBUG   HandlerThread:86427 [handler.py:handle_request():146] handle_request: keepalive
2024-02-02 18:56:53,415 DEBUG   HandlerThread:86427 [handler.py:handle_request():146] handle_request: status_report
2024-02-02 18:56:56,503 DEBUG   HandlerThread:86427 [handler.py:handle_request():146] handle_request: keepalive
2024-02-02 18:56:58,436 DEBUG   HandlerThread:86427 [handler.py:handle_request():146] handle_request: status_report
2024-02-02 18:57:00,910 DEBUG   HandlerThread:86427 [handler.py:handle_request():146] handle_request: internal_messages
2024-02-02 18:57:03,451 DEBUG   HandlerThread:86427 [handler.py:handle_request():146] handle_request: status_report
2024-02-02 18:57:06,537 DEBUG   HandlerThread:86427 [handler.py:handle_request():146] handle_request: keepalive
2024-02-02 18:57:08,462 DEBUG   HandlerThread:86427 [handler.py:handle_request():146] handle_request: status_report
2024-02-02 18:57:11,549 DEBUG   HandlerThread:86427 [handler.py:handle_request():146] handle_request: keepalive
2024-02-02 18:57:13,480 DEBUG   HandlerThread:86427 [handler.py:handle_request():146] handle_request: status_report
2024-02-02 18:57:14,372 DEBUG   SenderThread:86427 [sender.py:send():382] send: stats
2024-02-02 18:57:15,916 DEBUG   HandlerThread:86427 [handler.py:handle_request():146] handle_request: internal_messages
2024-02-02 18:57:19,390 DEBUG   HandlerThread:86427 [handler.py:handle_request():146] handle_request: status_report
2024-02-02 18:57:21,583 DEBUG   HandlerThread:86427 [handler.py:handle_request():146] handle_request: keepalive
2024-02-02 18:57:24,407 DEBUG   HandlerThread:86427 [handler.py:handle_request():146] handle_request: status_report
2024-02-02 18:57:26,599 DEBUG   HandlerThread:86427 [handler.py:handle_request():146] handle_request: keepalive
2024-02-02 18:57:29,432 DEBUG   HandlerThread:86427 [handler.py:handle_request():146] handle_request: status_report
2024-02-02 18:57:30,919 DEBUG   HandlerThread:86427 [handler.py:handle_request():146] handle_request: internal_messages
2024-02-02 18:57:34,457 DEBUG   HandlerThread:86427 [handler.py:handle_request():146] handle_request: status_report
2024-02-02 18:57:36,636 DEBUG   HandlerThread:86427 [handler.py:handle_request():146] handle_request: keepalive
2024-02-02 18:57:39,499 DEBUG   SenderThread:86427 [sender.py:send():382] send: history
2024-02-02 18:57:39,499 DEBUG   SenderThread:86427 [sender.py:send_request():409] send_request: summary_record
2024-02-02 18:57:39,499 DEBUG   HandlerThread:86427 [handler.py:handle_request():146] handle_request: status_report
2024-02-02 18:57:39,500 INFO    SenderThread:86427 [sender.py:_save_file():1403] saving file wandb-summary.json with policy end
2024-02-02 18:57:39,738 INFO    HandlerThread:86427 [handler.py:handle_tbrecord():767] handling tbrecord: tbrecord {
  log_dir: "logs/1706916470/PPO_0"
  save: true
}
control {
  relay_id: "69be67890c2e4be1942e20443921a34b"
}
_info {
  stream_id: "vhz3de8z"
}

2024-02-02 18:57:39,739 DEBUG   SenderThread:86427 [sender.py:send():382] send: tbrecord
2024-02-02 18:57:40,310 INFO    Thread-13 :86427 [dir_watcher.py:_on_file_modified():288] file/dir modified: /Users/den/Documents/CS/classwork/4900/pa1/wandb/run-20240202_182751-vhz3de8z/files/wandb-summary.json
2024-02-02 18:57:40,310 INFO    Thread-13 :86427 [dir_watcher.py:_on_file_modified():288] file/dir modified: /Users/den/Documents/CS/classwork/4900/pa1/wandb/run-20240202_182751-vhz3de8z/files/events.out.tfevents.1706918111.dens-MacBook-Pro.local.86419.6
2024-02-02 18:57:40,504 DEBUG   SenderThread:86427 [sender.py:send():382] send: files
2024-02-02 18:57:40,505 INFO    SenderThread:86427 [sender.py:_save_file():1403] saving file events.out.tfevents.1706918259.dens-MacBook-Pro.local.86419.7 with policy live
2024-02-02 18:57:40,626 INFO    wandb-upload_2:86427 [upload_job.py:push():131] Uploaded file /var/folders/4x/50qqmqs50wq67bybljms4m9h0000gn/T/tmp_qezvkhawandb/nkgbyley-events.out.tfevents.1706918111.dens-MacBook-Pro.local.86419.6
2024-02-02 18:57:40,815 INFO    wandb-upload_0:86427 [upload_job.py:push():131] Uploaded file /var/folders/4x/50qqmqs50wq67bybljms4m9h0000gn/T/tmp_qezvkhawandb/gkgnsw97-events.out.tfevents.1706918259.dens-MacBook-Pro.local.86419.7
2024-02-02 18:57:41,314 INFO    Thread-13 :86427 [dir_watcher.py:_on_file_modified():288] file/dir modified: /Users/den/Documents/CS/classwork/4900/pa1/wandb/run-20240202_182751-vhz3de8z/files/output.log
2024-02-02 18:57:41,314 INFO    Thread-13 :86427 [dir_watcher.py:_on_file_created():271] file/dir created: /Users/den/Documents/CS/classwork/4900/pa1/wandb/run-20240202_182751-vhz3de8z/files/events.out.tfevents.1706918259.dens-MacBook-Pro.local.86419.7
2024-02-02 18:57:41,653 DEBUG   HandlerThread:86427 [handler.py:handle_request():146] handle_request: keepalive
2024-02-02 18:57:44,378 DEBUG   SenderThread:86427 [sender.py:send():382] send: stats
2024-02-02 18:57:45,384 DEBUG   HandlerThread:86427 [handler.py:handle_request():146] handle_request: status_report
2024-02-02 18:57:45,921 DEBUG   HandlerThread:86427 [handler.py:handle_request():146] handle_request: internal_messages
2024-02-02 18:57:50,402 DEBUG   HandlerThread:86427 [handler.py:handle_request():146] handle_request: status_report
